0 verbose cli C:\Program Files\nodejs\node.exe C:\Program Files\nodejs\node_modules\npm\bin\npm-cli.js
1 info using npm@11.6.2
2 info using node@v24.13.0
3 silly config load:file:C:\Program Files\nodejs\node_modules\npm\npmrc
4 silly config load:file:F:\Portfolio\.npmrc
5 silly config load:file:C:\Users\pcc\.npmrc
6 silly config load:file:C:\Users\pcc\AppData\Roaming\npm\etc\npmrc
7 verbose title npm install pdf-parse
8 verbose argv "install" "pdf-parse" "--cache" ".npm-cache"
9 verbose logfile logs-max:10 dir:F:\Portfolio\.npm-cache\_logs\2026-03-06T21_00_19_478Z-
10 verbose logfile F:\Portfolio\.npm-cache\_logs\2026-03-06T21_00_19_478Z-debug-0.log
11 silly logfile done cleaning log files
12 silly packumentCache heap:2348810240 maxSize:587202560 maxEntrySize:293601280
13 silly idealTree buildDeps
14 silly fetch manifest pdf-parse@*
15 silly packumentCache full:https://registry.npmjs.org/pdf-parse cache-miss
16 http fetch GET 200 https://registry.npmjs.org/pdf-parse 840ms (cache miss)
17 silly packumentCache full:https://registry.npmjs.org/pdf-parse set size:undefined disposed:false
18 silly placeDep ROOT pdf-parse@2.4.5 OK for:  want: *
19 silly fetch manifest pdfjs-dist@5.4.296
20 silly packumentCache full:https://registry.npmjs.org/pdfjs-dist cache-miss
21 silly fetch manifest @napi-rs/canvas@0.1.80
22 silly packumentCache full:https://registry.npmjs.org/@napi-rs%2fcanvas cache-miss
23 http fetch GET 200 https://registry.npmjs.org/pdfjs-dist 1068ms (cache miss)
24 silly packumentCache full:https://registry.npmjs.org/pdfjs-dist set size:undefined disposed:false
25 http fetch GET 200 https://registry.npmjs.org/@napi-rs%2fcanvas 2422ms (cache miss)
26 silly packumentCache full:https://registry.npmjs.org/@napi-rs%2fcanvas set size:undefined disposed:false
27 silly placeDep ROOT @napi-rs/canvas@0.1.80 OK for: pdf-parse@2.4.5 want: 0.1.80
28 silly placeDep ROOT pdfjs-dist@5.4.296 OK for: pdf-parse@2.4.5 want: 5.4.296
29 silly fetch manifest @napi-rs/canvas-darwin-x64@0.1.80
30 silly packumentCache full:https://registry.npmjs.org/@napi-rs%2fcanvas-darwin-x64 cache-miss
31 silly fetch manifest @napi-rs/canvas-darwin-arm64@0.1.80
32 silly packumentCache full:https://registry.npmjs.org/@napi-rs%2fcanvas-darwin-arm64 cache-miss
33 silly fetch manifest @napi-rs/canvas-android-arm64@0.1.80
34 silly packumentCache full:https://registry.npmjs.org/@napi-rs%2fcanvas-android-arm64 cache-miss
35 silly fetch manifest @napi-rs/canvas-linux-x64-gnu@0.1.80
36 silly packumentCache full:https://registry.npmjs.org/@napi-rs%2fcanvas-linux-x64-gnu cache-miss
37 silly fetch manifest @napi-rs/canvas-linux-x64-musl@0.1.80
38 silly packumentCache full:https://registry.npmjs.org/@napi-rs%2fcanvas-linux-x64-musl cache-miss
39 silly fetch manifest @napi-rs/canvas-win32-x64-msvc@0.1.80
40 silly packumentCache full:https://registry.npmjs.org/@napi-rs%2fcanvas-win32-x64-msvc cache-miss
41 silly fetch manifest @napi-rs/canvas-linux-arm64-gnu@0.1.80
42 silly packumentCache full:https://registry.npmjs.org/@napi-rs%2fcanvas-linux-arm64-gnu cache-miss
43 silly fetch manifest @napi-rs/canvas-linux-arm64-musl@0.1.80
44 silly packumentCache full:https://registry.npmjs.org/@napi-rs%2fcanvas-linux-arm64-musl cache-miss
45 silly fetch manifest @napi-rs/canvas-linux-riscv64-gnu@0.1.80
46 silly packumentCache full:https://registry.npmjs.org/@napi-rs%2fcanvas-linux-riscv64-gnu cache-miss
47 silly fetch manifest @napi-rs/canvas-linux-arm-gnueabihf@0.1.80
48 silly packumentCache full:https://registry.npmjs.org/@napi-rs%2fcanvas-linux-arm-gnueabihf cache-miss
49 http fetch GET 200 https://registry.npmjs.org/@napi-rs%2fcanvas-darwin-x64 778ms (cache miss)
50 silly packumentCache full:https://registry.npmjs.org/@napi-rs%2fcanvas-darwin-x64 set size:undefined disposed:false
51 http fetch GET 200 https://registry.npmjs.org/@napi-rs%2fcanvas-linux-riscv64-gnu 1335ms (cache miss)
52 silly packumentCache full:https://registry.npmjs.org/@napi-rs%2fcanvas-linux-riscv64-gnu set size:undefined disposed:false
53 http fetch GET 200 https://registry.npmjs.org/@napi-rs%2fcanvas-darwin-arm64 2188ms (cache miss)
54 silly packumentCache full:https://registry.npmjs.org/@napi-rs%2fcanvas-darwin-arm64 set size:undefined disposed:false
55 http fetch GET 200 https://registry.npmjs.org/@napi-rs%2fcanvas-linux-x64-gnu 2191ms (cache miss)
56 silly packumentCache full:https://registry.npmjs.org/@napi-rs%2fcanvas-linux-x64-gnu set size:undefined disposed:false
57 http fetch GET 200 https://registry.npmjs.org/@napi-rs%2fcanvas-win32-x64-msvc 2343ms (cache miss)
58 silly packumentCache full:https://registry.npmjs.org/@napi-rs%2fcanvas-win32-x64-msvc set size:undefined disposed:false
59 http fetch GET 200 https://registry.npmjs.org/@napi-rs%2fcanvas-linux-arm64-gnu 2697ms (cache miss)
60 silly packumentCache full:https://registry.npmjs.org/@napi-rs%2fcanvas-linux-arm64-gnu set size:undefined disposed:false
61 http fetch GET 200 https://registry.npmjs.org/@napi-rs%2fcanvas-linux-arm-gnueabihf 2710ms (cache miss)
62 silly packumentCache full:https://registry.npmjs.org/@napi-rs%2fcanvas-linux-arm-gnueabihf set size:undefined disposed:false
63 http fetch GET 200 https://registry.npmjs.org/@napi-rs%2fcanvas-linux-arm64-musl 2771ms (cache miss)
64 silly packumentCache full:https://registry.npmjs.org/@napi-rs%2fcanvas-linux-arm64-musl set size:undefined disposed:false
65 http fetch GET 200 https://registry.npmjs.org/@napi-rs%2fcanvas-android-arm64 2806ms (cache miss)
66 silly packumentCache full:https://registry.npmjs.org/@napi-rs%2fcanvas-android-arm64 set size:undefined disposed:false
67 http fetch GET 200 https://registry.npmjs.org/@napi-rs%2fcanvas-linux-x64-musl 3111ms (cache miss)
68 silly packumentCache full:https://registry.npmjs.org/@napi-rs%2fcanvas-linux-x64-musl set size:undefined disposed:false
69 silly placeDep ROOT @napi-rs/canvas-android-arm64@0.1.80 OK for: @napi-rs/canvas@0.1.80 want: 0.1.80
70 silly placeDep ROOT @napi-rs/canvas-darwin-arm64@0.1.80 OK for: @napi-rs/canvas@0.1.80 want: 0.1.80
71 silly placeDep ROOT @napi-rs/canvas-darwin-x64@0.1.80 OK for: @napi-rs/canvas@0.1.80 want: 0.1.80
72 silly placeDep ROOT @napi-rs/canvas-linux-arm-gnueabihf@0.1.80 OK for: @napi-rs/canvas@0.1.80 want: 0.1.80
73 silly placeDep ROOT @napi-rs/canvas-linux-arm64-gnu@0.1.80 OK for: @napi-rs/canvas@0.1.80 want: 0.1.80
74 silly placeDep ROOT @napi-rs/canvas-linux-arm64-musl@0.1.80 OK for: @napi-rs/canvas@0.1.80 want: 0.1.80
75 silly placeDep ROOT @napi-rs/canvas-linux-riscv64-gnu@0.1.80 OK for: @napi-rs/canvas@0.1.80 want: 0.1.80
76 silly placeDep ROOT @napi-rs/canvas-linux-x64-gnu@0.1.80 OK for: @napi-rs/canvas@0.1.80 want: 0.1.80
77 silly placeDep ROOT @napi-rs/canvas-linux-x64-musl@0.1.80 OK for: @napi-rs/canvas@0.1.80 want: 0.1.80
78 silly placeDep ROOT @napi-rs/canvas-win32-x64-msvc@0.1.80 OK for: @napi-rs/canvas@0.1.80 want: 0.1.80
79 silly reify moves {}
80 http cache @napi-rs/canvas-win32-x64-msvc@https://registry.npmjs.org/@napi-rs/canvas-win32-x64-msvc/-/canvas-win32-x64-msvc-0.1.80.tgz 0ms (cache hit)
81 silly tarball no local data for @napi-rs/canvas-win32-x64-msvc@https://registry.npmjs.org/@napi-rs/canvas-win32-x64-msvc/-/canvas-win32-x64-msvc-0.1.80.tgz. Extracting by manifest.
82 http cache @napi-rs/canvas@https://registry.npmjs.org/@napi-rs/canvas/-/canvas-0.1.80.tgz 0ms (cache hit)
83 http cache pdfjs-dist@https://registry.npmjs.org/pdfjs-dist/-/pdfjs-dist-5.4.296.tgz 0ms (cache hit)
84 http cache pdf-parse@https://registry.npmjs.org/pdf-parse/-/pdf-parse-2.4.5.tgz 0ms (cache hit)
85 silly tarball no local data for @napi-rs/canvas@https://registry.npmjs.org/@napi-rs/canvas/-/canvas-0.1.80.tgz. Extracting by manifest.
86 silly tarball no local data for pdfjs-dist@https://registry.npmjs.org/pdfjs-dist/-/pdfjs-dist-5.4.296.tgz. Extracting by manifest.
87 silly tarball no local data for pdf-parse@https://registry.npmjs.org/pdf-parse/-/pdf-parse-2.4.5.tgz. Extracting by manifest.
88 http fetch GET 200 https://registry.npmjs.org/@napi-rs/canvas/-/canvas-0.1.80.tgz 674ms (cache miss)
89 http fetch GET 200 https://registry.npmjs.org/npm 10400ms
90 http fetch GET 200 https://registry.npmjs.org/pdf-parse/-/pdf-parse-2.4.5.tgz 19005ms (cache miss)
91 http fetch GET 200 https://registry.npmjs.org/pdfjs-dist/-/pdfjs-dist-5.4.296.tgz 36795ms (cache miss)
92 http fetch GET 200 https://registry.npmjs.org/@napi-rs/canvas-win32-x64-msvc/-/canvas-win32-x64-msvc-0.1.80.tgz 46337ms (cache miss)
93 silly ADD node_modules/@napi-rs/canvas-win32-x64-msvc
94 silly ADD node_modules/pdfjs-dist
95 silly ADD node_modules/@napi-rs/canvas
96 silly ADD node_modules/pdf-parse
97 verbose cwd F:\Portfolio
98 verbose os Windows_NT 10.0.26200
99 verbose node v24.13.0
100 verbose npm  v11.6.2
101 notice
101 notice New minor version of npm available! 11.6.2 -> 11.11.0
101 notice Changelog: https://github.com/npm/cli/releases/tag/v11.11.0
101 notice To update run: npm install -g npm@11.11.0
101 notice  { force: true, Symbol(proc-log.meta): true }
102 verbose exit 0
103 info ok
