0 verbose cli C:\Program Files\nodejs\node.exe C:\Program Files\nodejs\node_modules\npm\bin\npm-cli.js
1 info using npm@11.6.2
2 info using node@v24.13.0
3 silly config load:file:C:\Program Files\nodejs\node_modules\npm\npmrc
4 silly config load:file:F:\Portfolio\.npmrc
5 silly config load:file:C:\Users\pcc\.npmrc
6 silly config load:file:C:\Users\pcc\AppData\Roaming\npm\etc\npmrc
7 verbose title npm install
8 verbose argv "install" "--cache" ".npm-cache"
9 verbose logfile logs-max:10 dir:F:\Portfolio\.npm-cache\_logs\2026-03-06T22_23_25_739Z-
10 verbose logfile F:\Portfolio\.npm-cache\_logs\2026-03-06T22_23_25_739Z-debug-0.log
11 silly logfile done cleaning log files
12 silly packumentCache heap:2348810240 maxSize:587202560 maxEntrySize:293601280
13 verbose shrinkwrap failed to load node_modules/.package-lock.json out of date, updated: node_modules
14 silly idealTree buildDeps
15 silly fetch manifest vue@^3.5.13
16 silly packumentCache full:https://registry.npmjs.org/vue cache-miss
17 http fetch GET 200 https://registry.npmjs.org/vue 961ms (cache revalidated)
18 silly packumentCache full:https://registry.npmjs.org/vue set size:2001333 disposed:false
19 silly fetch manifest typescript@*
20 silly packumentCache full:https://registry.npmjs.org/typescript cache-miss
21 http fetch GET 200 https://registry.npmjs.org/typescript 342ms (cache revalidated)
22 silly packumentCache full:https://registry.npmjs.org/typescript set size:15325176 disposed:false
23 silly fetch manifest vue-router@^4.5.1
24 silly packumentCache full:https://registry.npmjs.org/vue-router cache-miss
25 http fetch GET 200 https://registry.npmjs.org/vue-router 376ms (cache revalidated)
26 silly packumentCache full:https://registry.npmjs.org/vue-router set size:962750 disposed:false
27 silly fetch manifest @vitejs/plugin-vue@^5.2.1
28 silly packumentCache full:https://registry.npmjs.org/@vitejs%2fplugin-vue cache-miss
29 http fetch GET 200 https://registry.npmjs.org/@vitejs%2fplugin-vue 715ms (cache revalidated)
30 silly packumentCache full:https://registry.npmjs.org/@vitejs%2fplugin-vue set size:414556 disposed:false
31 silly fetch manifest vite@^5.4.11
32 silly packumentCache full:https://registry.npmjs.org/vite cache-miss
33 http fetch GET 200 https://registry.npmjs.org/vite 497ms (cache revalidated)
34 silly packumentCache full:https://registry.npmjs.org/vite set size:38733997 disposed:false
35 silly fetch manifest @types/node@^18.0.0 || >=20.0.0
36 silly packumentCache full:https://registry.npmjs.org/@types%2fnode cache-miss
37 http fetch GET 200 https://registry.npmjs.org/@types%2fnode 310ms (cache revalidated)
38 silly packumentCache full:https://registry.npmjs.org/@types%2fnode set size:10932649 disposed:false
39 silly fetch manifest less@*
40 silly packumentCache full:https://registry.npmjs.org/less cache-miss
41 http fetch GET 200 https://registry.npmjs.org/less 156ms (cache revalidated)
42 silly packumentCache full:https://registry.npmjs.org/less set size:430648 disposed:false
43 silly fetch manifest lightningcss@^1.21.0
44 silly packumentCache full:https://registry.npmjs.org/lightningcss cache-miss
45 http fetch GET 200 https://registry.npmjs.org/lightningcss 141ms (cache revalidated)
46 silly packumentCache full:https://registry.npmjs.org/lightningcss set size:182441 disposed:false
47 silly fetch manifest sass@*
48 silly packumentCache full:https://registry.npmjs.org/sass cache-miss
49 http fetch GET 200 https://registry.npmjs.org/sass 410ms (cache revalidated)
50 silly packumentCache full:https://registry.npmjs.org/sass set size:722061 disposed:false
51 silly fetch manifest sass-embedded@*
52 silly packumentCache full:https://registry.npmjs.org/sass-embedded cache-miss
53 http fetch GET 200 https://registry.npmjs.org/sass-embedded 150ms (cache revalidated)
54 silly packumentCache full:https://registry.npmjs.org/sass-embedded set size:407397 disposed:false
55 silly fetch manifest stylus@*
56 silly packumentCache full:https://registry.npmjs.org/stylus cache-miss
57 http fetch GET 200 https://registry.npmjs.org/stylus 148ms (cache revalidated)
58 silly packumentCache full:https://registry.npmjs.org/stylus set size:286766 disposed:false
59 silly fetch manifest sugarss@*
60 silly packumentCache full:https://registry.npmjs.org/sugarss cache-miss
61 http fetch GET 200 https://registry.npmjs.org/sugarss 477ms (cache revalidated)
62 silly packumentCache full:https://registry.npmjs.org/sugarss set size:44975 disposed:false
63 silly fetch manifest postcss@^8.3.3
64 silly packumentCache full:https://registry.npmjs.org/postcss cache-miss
65 http fetch GET 200 https://registry.npmjs.org/postcss 166ms (cache revalidated)
66 silly packumentCache full:https://registry.npmjs.org/postcss set size:702266 disposed:false
67 silly fetch manifest terser@^5.4.0
68 silly packumentCache full:https://registry.npmjs.org/terser cache-miss
69 http fetch GET 200 https://registry.npmjs.org/terser 401ms (cache revalidated)
70 silly packumentCache full:https://registry.npmjs.org/terser set size:786629 disposed:false
71 silly placeDep ROOT @vitejs/plugin-vue@5.2.4 OK for: portfolio-vue@1.0.0 want: ^5.2.1
72 silly placeDep ROOT vue@3.5.29 OK for: @vitejs/plugin-vue@5.2.4 want: ^3.2.25
73 silly placeDep ROOT vite@5.4.21 OK for: @vitejs/plugin-vue@5.2.4 want: ^5.0.0 || ^6.0.0
74 silly placeDep ROOT vue-router@4.6.4 OK for: portfolio-vue@1.0.0 want: ^4.5.1
75 silly fetch manifest rollup@^4.20.0
76 silly packumentCache full:https://registry.npmjs.org/rollup cache-miss
77 silly fetch manifest esbuild@^0.21.3
78 silly packumentCache full:https://registry.npmjs.org/esbuild cache-miss
79 silly fetch manifest postcss@^8.4.43
80 silly packumentCache full:https://registry.npmjs.org/postcss cache-hit
81 silly fetch manifest fsevents@~2.3.3
82 silly packumentCache full:https://registry.npmjs.org/fsevents cache-miss
83 silly fetch manifest @vue/shared@3.5.29
84 silly packumentCache full:https://registry.npmjs.org/@vue%2fshared cache-miss
85 silly fetch manifest @vue/runtime-dom@3.5.29
86 silly packumentCache full:https://registry.npmjs.org/@vue%2fruntime-dom cache-miss
87 silly fetch manifest @vue/compiler-dom@3.5.29
88 silly packumentCache full:https://registry.npmjs.org/@vue%2fcompiler-dom cache-miss
89 silly fetch manifest @vue/compiler-sfc@3.5.29
90 silly packumentCache full:https://registry.npmjs.org/@vue%2fcompiler-sfc cache-miss
91 silly fetch manifest @vue/server-renderer@3.5.29
92 silly packumentCache full:https://registry.npmjs.org/@vue%2fserver-renderer cache-miss
93 silly fetch manifest @vue/devtools-api@^6.6.4
94 silly packumentCache full:https://registry.npmjs.org/@vue%2fdevtools-api cache-miss
95 http fetch GET 200 https://registry.npmjs.org/rollup 223ms (cache revalidated)
96 silly packumentCache full:https://registry.npmjs.org/rollup set size:6122682 disposed:false
97 http fetch GET 200 https://registry.npmjs.org/fsevents 700ms (cache revalidated)
98 silly packumentCache full:https://registry.npmjs.org/fsevents set size:182472 disposed:false
99 http fetch GET 200 https://registry.npmjs.org/esbuild 771ms (cache revalidated)
100 silly packumentCache full:https://registry.npmjs.org/esbuild set size:1242223 disposed:false
101 http fetch GET 200 https://registry.npmjs.org/@vue%2fcompiler-sfc 1065ms (cache revalidated)
102 silly packumentCache full:https://registry.npmjs.org/@vue%2fcompiler-sfc set size:944357 disposed:false
103 http fetch GET 200 https://registry.npmjs.org/@vue%2fshared 1089ms (cache revalidated)
104 silly packumentCache full:https://registry.npmjs.org/@vue%2fshared set size:679118 disposed:false
105 http fetch GET 200 https://registry.npmjs.org/@vue%2fruntime-dom 1092ms (cache revalidated)
106 silly packumentCache full:https://registry.npmjs.org/@vue%2fruntime-dom set size:797318 disposed:false
107 http fetch GET 200 https://registry.npmjs.org/@vue%2fserver-renderer 1096ms (cache revalidated)
108 silly packumentCache full:https://registry.npmjs.org/@vue%2fserver-renderer set size:772467 disposed:false
109 http fetch GET 200 https://registry.npmjs.org/@vue%2fdevtools-api 1524ms (cache revalidated)
110 silly packumentCache full:https://registry.npmjs.org/@vue%2fdevtools-api set size:344094 disposed:false
111 http fetch GET 200 https://registry.npmjs.org/@vue%2fcompiler-dom 1572ms (cache revalidated)
112 silly packumentCache full:https://registry.npmjs.org/@vue%2fcompiler-dom set size:804774 disposed:false
113 silly placeDep ROOT esbuild@0.21.5 OK for: vite@5.4.21 want: ^0.21.3
114 silly placeDep ROOT fsevents@2.3.3 OK for: vite@5.4.21 want: ~2.3.3
115 silly placeDep ROOT postcss@8.5.8 OK for: vite@5.4.21 want: ^8.4.43
116 silly placeDep ROOT rollup@4.59.0 OK for: vite@5.4.21 want: ^4.20.0
117 silly fetch manifest @esbuild/aix-ppc64@0.21.5
118 silly packumentCache full:https://registry.npmjs.org/@esbuild%2faix-ppc64 cache-miss
119 silly fetch manifest @esbuild/linux-arm@0.21.5
120 silly packumentCache full:https://registry.npmjs.org/@esbuild%2flinux-arm cache-miss
121 silly fetch manifest @esbuild/linux-x64@0.21.5
122 silly packumentCache full:https://registry.npmjs.org/@esbuild%2flinux-x64 cache-miss
123 silly fetch manifest @esbuild/sunos-x64@0.21.5
124 silly packumentCache full:https://registry.npmjs.org/@esbuild%2fsunos-x64 cache-miss
125 silly fetch manifest @esbuild/win32-x64@0.21.5
126 silly packumentCache full:https://registry.npmjs.org/@esbuild%2fwin32-x64 cache-miss
127 silly fetch manifest @esbuild/darwin-x64@0.21.5
128 silly packumentCache full:https://registry.npmjs.org/@esbuild%2fdarwin-x64 cache-miss
129 silly fetch manifest @esbuild/linux-ia32@0.21.5
130 silly packumentCache full:https://registry.npmjs.org/@esbuild%2flinux-ia32 cache-miss
131 silly fetch manifest @esbuild/netbsd-x64@0.21.5
132 silly packumentCache full:https://registry.npmjs.org/@esbuild%2fnetbsd-x64 cache-miss
133 silly fetch manifest @esbuild/win32-ia32@0.21.5
134 silly packumentCache full:https://registry.npmjs.org/@esbuild%2fwin32-ia32 cache-miss
135 silly fetch manifest @esbuild/android-arm@0.21.5
136 silly packumentCache full:https://registry.npmjs.org/@esbuild%2fandroid-arm cache-miss
137 silly fetch manifest @esbuild/android-x64@0.21.5
138 silly packumentCache full:https://registry.npmjs.org/@esbuild%2fandroid-x64 cache-miss
139 http fetch GET 200 https://registry.npmjs.org/@esbuild%2fwin32-x64 267ms (cache revalidated)
140 silly packumentCache full:https://registry.npmjs.org/@esbuild%2fwin32-x64 set size:187476 disposed:false
141 silly fetch manifest @esbuild/freebsd-x64@0.21.5
142 silly packumentCache full:https://registry.npmjs.org/@esbuild%2ffreebsd-x64 cache-miss
143 http fetch GET 200 https://registry.npmjs.org/@esbuild%2faix-ppc64 322ms (cache revalidated)
144 silly packumentCache full:https://registry.npmjs.org/@esbuild%2faix-ppc64 set size:56029 disposed:false
145 silly fetch manifest @esbuild/linux-arm64@0.21.5
146 silly packumentCache full:https://registry.npmjs.org/@esbuild%2flinux-arm64 cache-miss
147 http fetch GET 200 https://registry.npmjs.org/@esbuild%2fwin32-ia32 335ms (cache revalidated)
148 silly packumentCache full:https://registry.npmjs.org/@esbuild%2fwin32-ia32 set size:188094 disposed:false
149 silly fetch manifest @esbuild/linux-ppc64@0.21.5
150 silly packumentCache full:https://registry.npmjs.org/@esbuild%2flinux-ppc64 cache-miss
151 http fetch GET 200 https://registry.npmjs.org/@esbuild%2fnetbsd-x64 359ms (cache revalidated)
152 silly packumentCache full:https://registry.npmjs.org/@esbuild%2fnetbsd-x64 set size:185730 disposed:false
153 silly fetch manifest @esbuild/linux-s390x@0.21.5
154 silly packumentCache full:https://registry.npmjs.org/@esbuild%2flinux-s390x cache-miss
155 http fetch GET 200 https://registry.npmjs.org/@esbuild%2fandroid-arm 380ms (cache revalidated)
156 silly packumentCache full:https://registry.npmjs.org/@esbuild%2fandroid-arm set size:213504 disposed:false
157 silly fetch manifest @esbuild/openbsd-x64@0.21.5
158 silly packumentCache full:https://registry.npmjs.org/@esbuild%2fopenbsd-x64 cache-miss
159 http fetch GET 200 https://registry.npmjs.org/@esbuild%2ffreebsd-x64 195ms (cache revalidated)
160 silly packumentCache full:https://registry.npmjs.org/@esbuild%2ffreebsd-x64 set size:188756 disposed:false
161 silly fetch manifest @esbuild/win32-arm64@0.21.5
162 silly packumentCache full:https://registry.npmjs.org/@esbuild%2fwin32-arm64 cache-miss
163 http fetch GET 200 https://registry.npmjs.org/@esbuild%2fandroid-x64 517ms (cache revalidated)
164 silly packumentCache full:https://registry.npmjs.org/@esbuild%2fandroid-x64 set size:187307 disposed:false
165 silly fetch manifest @esbuild/darwin-arm64@0.21.5
166 silly packumentCache full:https://registry.npmjs.org/@esbuild%2fdarwin-arm64 cache-miss
167 http fetch GET 200 https://registry.npmjs.org/@esbuild%2flinux-x64 544ms (cache revalidated)
168 silly packumentCache full:https://registry.npmjs.org/@esbuild%2flinux-x64 set size:187244 disposed:false
169 silly fetch manifest @esbuild/android-arm64@0.21.5
170 silly packumentCache full:https://registry.npmjs.org/@esbuild%2fandroid-arm64 cache-miss
171 http fetch GET 200 https://registry.npmjs.org/@esbuild%2fdarwin-x64 551ms (cache revalidated)
172 silly packumentCache full:https://registry.npmjs.org/@esbuild%2fdarwin-x64 set size:187924 disposed:false
173 silly fetch manifest @esbuild/freebsd-arm64@0.21.5
174 silly packumentCache full:https://registry.npmjs.org/@esbuild%2ffreebsd-arm64 cache-miss
175 http fetch GET 200 https://registry.npmjs.org/@esbuild%2flinux-s390x 199ms (cache revalidated)
176 silly packumentCache full:https://registry.npmjs.org/@esbuild%2flinux-s390x set size:190391 disposed:false
177 silly fetch manifest @esbuild/linux-loong64@0.21.5
178 silly packumentCache full:https://registry.npmjs.org/@esbuild%2flinux-loong64 cache-miss
179 http fetch GET 200 https://registry.npmjs.org/@esbuild%2flinux-arm64 240ms (cache revalidated)
180 silly packumentCache full:https://registry.npmjs.org/@esbuild%2flinux-arm64 set size:188948 disposed:false
181 silly fetch manifest @esbuild/linux-riscv64@0.21.5
182 silly packumentCache full:https://registry.npmjs.org/@esbuild%2flinux-riscv64 cache-miss
183 http fetch GET 200 https://registry.npmjs.org/@esbuild%2fsunos-x64 615ms (cache revalidated)
184 silly packumentCache full:https://registry.npmjs.org/@esbuild%2fsunos-x64 set size:187474 disposed:false
185 silly fetch manifest @esbuild/linux-mips64el@0.21.5
186 silly packumentCache full:https://registry.npmjs.org/@esbuild%2flinux-mips64el cache-miss
187 http fetch GET 200 https://registry.npmjs.org/@esbuild%2fdarwin-arm64 197ms (cache revalidated)
188 silly packumentCache full:https://registry.npmjs.org/@esbuild%2fdarwin-arm64 set size:189596 disposed:false
189 silly fetch manifest nanoid@^3.3.11
190 silly packumentCache full:https://registry.npmjs.org/nanoid cache-miss
191 http fetch GET 200 https://registry.npmjs.org/@esbuild%2flinux-ppc64 414ms (cache revalidated)
192 silly packumentCache full:https://registry.npmjs.org/@esbuild%2flinux-ppc64 set size:190895 disposed:false
193 silly fetch manifest picocolors@^1.1.1
194 silly packumentCache full:https://registry.npmjs.org/picocolors cache-miss
195 http fetch GET 200 https://registry.npmjs.org/@esbuild%2flinux-loong64 230ms (cache revalidated)
196 silly packumentCache full:https://registry.npmjs.org/@esbuild%2flinux-loong64 set size:243782 disposed:false
197 silly fetch manifest source-map-js@^1.2.1
198 silly packumentCache full:https://registry.npmjs.org/source-map-js cache-miss
199 http fetch GET 200 https://registry.npmjs.org/@esbuild%2fopenbsd-x64 411ms (cache revalidated)
200 silly packumentCache full:https://registry.npmjs.org/@esbuild%2fopenbsd-x64 set size:188762 disposed:false
201 silly fetch manifest @types/estree@1.0.8
202 silly packumentCache full:https://registry.npmjs.org/@types%2festree cache-miss
203 http fetch GET 200 https://registry.npmjs.org/@esbuild%2flinux-mips64el 197ms (cache revalidated)
204 silly packumentCache full:https://registry.npmjs.org/@esbuild%2flinux-mips64el set size:192558 disposed:false
205 silly fetch manifest @rollup/rollup-darwin-arm64@4.59.0
206 silly packumentCache full:https://registry.npmjs.org/@rollup%2frollup-darwin-arm64 cache-miss
207 http fetch GET 200 https://registry.npmjs.org/nanoid 218ms (cache revalidated)
208 silly packumentCache full:https://registry.npmjs.org/nanoid set size:298419 disposed:false
209 silly fetch manifest @rollup/rollup-android-arm64@4.59.0
210 silly packumentCache full:https://registry.npmjs.org/@rollup%2frollup-android-arm64 cache-miss
211 http fetch GET 200 https://registry.npmjs.org/picocolors 205ms (cache revalidated)
212 silly packumentCache full:https://registry.npmjs.org/picocolors set size:16648 disposed:false
213 silly fetch manifest @rollup/rollup-win32-arm64-msvc@4.59.0
214 silly packumentCache full:https://registry.npmjs.org/@rollup%2frollup-win32-arm64-msvc cache-miss
215 http fetch GET 200 https://registry.npmjs.org/@types%2festree 165ms (cache revalidated)
216 silly packumentCache full:https://registry.npmjs.org/@types%2festree set size:74091 disposed:false
217 silly fetch manifest @rollup/rollup-freebsd-arm64@4.59.0
218 silly packumentCache full:https://registry.npmjs.org/@rollup%2frollup-freebsd-arm64 cache-miss
219 http fetch GET 200 https://registry.npmjs.org/source-map-js 167ms (cache revalidated)
220 silly packumentCache full:https://registry.npmjs.org/source-map-js set size:62640 disposed:false
221 silly fetch manifest @rollup/rollup-linux-arm64-gnu@4.59.0
222 silly packumentCache full:https://registry.npmjs.org/@rollup%2frollup-linux-arm64-gnu cache-miss
223 http fetch GET 200 https://registry.npmjs.org/@esbuild%2fwin32-arm64 496ms (cache revalidated)
224 silly packumentCache full:https://registry.npmjs.org/@esbuild%2fwin32-arm64 set size:189169 disposed:false
225 silly fetch manifest @rollup/rollup-linux-arm64-musl@4.59.0
226 silly packumentCache full:https://registry.npmjs.org/@rollup%2frollup-linux-arm64-musl cache-miss
227 http fetch GET 200 https://registry.npmjs.org/@esbuild%2flinux-arm 979ms (cache revalidated)
228 silly packumentCache full:https://registry.npmjs.org/@esbuild%2flinux-arm set size:186917 disposed:false
229 silly fetch manifest @rollup/rollup-android-arm-eabi@4.59.0
230 silly packumentCache full:https://registry.npmjs.org/@rollup%2frollup-android-arm-eabi cache-miss
231 http fetch GET 200 https://registry.npmjs.org/@esbuild%2fandroid-arm64 448ms (cache revalidated)
232 silly packumentCache full:https://registry.npmjs.org/@esbuild%2fandroid-arm64 set size:192279 disposed:false
233 silly fetch manifest @rollup/rollup-linux-arm-gnueabihf@4.59.0
234 silly packumentCache full:https://registry.npmjs.org/@rollup%2frollup-linux-arm-gnueabihf cache-miss
235 http fetch GET 200 https://registry.npmjs.org/@esbuild%2flinux-ia32 1006ms (cache revalidated)
236 silly packumentCache full:https://registry.npmjs.org/@esbuild%2flinux-ia32 set size:187877 disposed:false
237 silly fetch manifest @rollup/rollup-linux-arm-musleabihf@4.59.0
238 silly packumentCache full:https://registry.npmjs.org/@rollup%2frollup-linux-arm-musleabihf cache-miss
239 http fetch GET 200 https://registry.npmjs.org/@rollup%2frollup-darwin-arm64 297ms (cache revalidated)
240 silly packumentCache full:https://registry.npmjs.org/@rollup%2frollup-darwin-arm64 set size:326593 disposed:false
241 silly fetch manifest @rollup/rollup-win32-ia32-msvc@4.59.0
242 silly packumentCache full:https://registry.npmjs.org/@rollup%2frollup-win32-ia32-msvc cache-miss
243 http fetch GET 200 https://registry.npmjs.org/@rollup%2frollup-linux-arm-musleabihf 201ms (cache revalidated)
244 silly packumentCache full:https://registry.npmjs.org/@rollup%2frollup-linux-arm-musleabihf set size:230992 disposed:false
245 silly fetch manifest @rollup/rollup-linux-loong64-gnu@4.59.0
246 silly packumentCache full:https://registry.npmjs.org/@rollup%2frollup-linux-loong64-gnu cache-miss
247 http fetch GET 200 https://registry.npmjs.org/@rollup%2frollup-linux-arm64-musl 253ms (cache revalidated)
248 silly packumentCache full:https://registry.npmjs.org/@rollup%2frollup-linux-arm64-musl set size:288863 disposed:false
249 silly fetch manifest @rollup/rollup-linux-loong64-musl@4.59.0
250 silly packumentCache full:https://registry.npmjs.org/@rollup%2frollup-linux-loong64-musl cache-miss
251 http fetch GET 200 https://registry.npmjs.org/@rollup%2frollup-android-arm64 291ms (cache revalidated)
252 silly packumentCache full:https://registry.npmjs.org/@rollup%2frollup-android-arm64 set size:328041 disposed:false
253 silly fetch manifest @rollup/rollup-linux-riscv64-gnu@4.59.0
254 silly packumentCache full:https://registry.npmjs.org/@rollup%2frollup-linux-riscv64-gnu cache-miss
255 http fetch GET 200 https://registry.npmjs.org/@rollup%2frollup-linux-arm64-gnu 280ms (cache revalidated)
256 silly packumentCache full:https://registry.npmjs.org/@rollup%2frollup-linux-arm64-gnu set size:333515 disposed:false
257 silly fetch manifest @rollup/rollup-linux-riscv64-musl@4.59.0
258 silly packumentCache full:https://registry.npmjs.org/@rollup%2frollup-linux-riscv64-musl cache-miss
259 http fetch GET 200 https://registry.npmjs.org/@rollup%2frollup-linux-arm-gnueabihf 266ms (cache revalidated)
260 silly packumentCache full:https://registry.npmjs.org/@rollup%2frollup-linux-arm-gnueabihf set size:336850 disposed:false
261 silly fetch manifest @rollup/rollup-linux-ppc64-gnu@4.59.0
262 silly packumentCache full:https://registry.npmjs.org/@rollup%2frollup-linux-ppc64-gnu cache-miss
263 http fetch GET 200 https://registry.npmjs.org/@rollup%2frollup-win32-arm64-msvc 484ms (cache revalidated)
264 silly packumentCache full:https://registry.npmjs.org/@rollup%2frollup-win32-arm64-msvc set size:331325 disposed:false
265 silly fetch manifest @rollup/rollup-linux-ppc64-musl@4.59.0
266 silly packumentCache full:https://registry.npmjs.org/@rollup%2frollup-linux-ppc64-musl cache-miss
267 http fetch GET 200 https://registry.npmjs.org/@rollup%2frollup-freebsd-arm64 486ms (cache revalidated)
268 silly packumentCache full:https://registry.npmjs.org/@rollup%2frollup-freebsd-arm64 set size:176248 disposed:false
269 silly fetch manifest @rollup/rollup-linux-s390x-gnu@4.59.0
270 silly packumentCache full:https://registry.npmjs.org/@rollup%2frollup-linux-s390x-gnu cache-miss
271 http fetch GET 200 https://registry.npmjs.org/@rollup%2frollup-android-arm-eabi 469ms (cache revalidated)
272 silly packumentCache full:https://registry.npmjs.org/@rollup%2frollup-android-arm-eabi set size:331331 disposed:false
273 silly fetch manifest @rollup/rollup-darwin-x64@4.59.0
274 silly packumentCache full:https://registry.npmjs.org/@rollup%2frollup-darwin-x64 cache-miss
275 http fetch GET 200 https://registry.npmjs.org/@rollup%2frollup-linux-riscv64-gnu 253ms (cache revalidated)
276 silly packumentCache full:https://registry.npmjs.org/@rollup%2frollup-linux-riscv64-gnu set size:259562 disposed:false
277 silly fetch manifest @rollup/rollup-win32-x64-gnu@4.59.0
278 silly packumentCache full:https://registry.npmjs.org/@rollup%2frollup-win32-x64-gnu cache-miss
279 http fetch GET 200 https://registry.npmjs.org/@rollup%2frollup-linux-ppc64-gnu 228ms (cache revalidated)
280 silly packumentCache full:https://registry.npmjs.org/@rollup%2frollup-linux-ppc64-gnu set size:78190 disposed:false
281 silly fetch manifest @rollup/rollup-win32-x64-msvc@4.59.0
282 silly packumentCache full:https://registry.npmjs.org/@rollup%2frollup-win32-x64-msvc cache-miss
283 http fetch GET 200 https://registry.npmjs.org/@rollup%2frollup-linux-loong64-musl 275ms (cache revalidated)
284 silly packumentCache full:https://registry.npmjs.org/@rollup%2frollup-linux-loong64-musl set size:19845 disposed:false
285 silly fetch manifest @rollup/rollup-freebsd-x64@4.59.0
286 silly packumentCache full:https://registry.npmjs.org/@rollup%2frollup-freebsd-x64 cache-miss
287 http fetch GET 200 https://registry.npmjs.org/@esbuild%2flinux-riscv64 1034ms (cache revalidated)
288 silly packumentCache full:https://registry.npmjs.org/@esbuild%2flinux-riscv64 set size:190569 disposed:false
289 silly fetch manifest @rollup/rollup-linux-x64-gnu@4.59.0
290 silly packumentCache full:https://registry.npmjs.org/@rollup%2frollup-linux-x64-gnu cache-miss
291 http fetch GET 200 https://registry.npmjs.org/@esbuild%2ffreebsd-arm64 1067ms (cache revalidated)
292 silly packumentCache full:https://registry.npmjs.org/@esbuild%2ffreebsd-arm64 set size:190447 disposed:false
293 silly fetch manifest @rollup/rollup-linux-x64-musl@4.59.0
294 silly packumentCache full:https://registry.npmjs.org/@rollup%2frollup-linux-x64-musl cache-miss
295 http fetch GET 200 https://registry.npmjs.org/@rollup%2frollup-win32-x64-gnu 226ms (cache revalidated)
296 silly packumentCache full:https://registry.npmjs.org/@rollup%2frollup-win32-x64-gnu set size:49709 disposed:false
297 silly fetch manifest @rollup/rollup-openbsd-x64@4.59.0
298 silly packumentCache full:https://registry.npmjs.org/@rollup%2frollup-openbsd-x64 cache-miss
299 http fetch GET 200 https://registry.npmjs.org/@rollup%2frollup-win32-ia32-msvc 606ms (cache revalidated)
300 silly packumentCache full:https://registry.npmjs.org/@rollup%2frollup-win32-ia32-msvc set size:329889 disposed:false
301 silly fetch manifest @rollup/rollup-openharmony-arm64@4.59.0
302 silly packumentCache full:https://registry.npmjs.org/@rollup%2frollup-openharmony-arm64 cache-miss
303 http fetch GET 200 https://registry.npmjs.org/@rollup%2frollup-linux-loong64-gnu 526ms (cache revalidated)
304 silly packumentCache full:https://registry.npmjs.org/@rollup%2frollup-linux-loong64-gnu set size:57876 disposed:false
305 http fetch GET 200 https://registry.npmjs.org/@rollup%2frollup-linux-x64-musl 194ms (cache revalidated)
306 silly packumentCache full:https://registry.npmjs.org/@rollup%2frollup-linux-x64-musl set size:328061 disposed:false
307 http fetch GET 200 https://registry.npmjs.org/@rollup%2frollup-linux-s390x-gnu 472ms (cache revalidated)
308 silly packumentCache full:https://registry.npmjs.org/@rollup%2frollup-linux-s390x-gnu set size:233358 disposed:false
309 http fetch GET 200 https://registry.npmjs.org/@rollup%2frollup-linux-ppc64-musl 477ms (cache revalidated)
310 silly packumentCache full:https://registry.npmjs.org/@rollup%2frollup-linux-ppc64-musl set size:19680 disposed:false
311 http fetch GET 200 https://registry.npmjs.org/@rollup%2frollup-freebsd-x64 428ms (cache revalidated)
312 silly packumentCache full:https://registry.npmjs.org/@rollup%2frollup-freebsd-x64 set size:174438 disposed:false
313 http fetch GET 200 https://registry.npmjs.org/@rollup%2frollup-linux-riscv64-musl 680ms (cache revalidated)
314 silly packumentCache full:https://registry.npmjs.org/@rollup%2frollup-linux-riscv64-musl set size:105510 disposed:false
315 http fetch GET 200 https://registry.npmjs.org/@rollup%2frollup-openbsd-x64 210ms (cache revalidated)
316 silly packumentCache full:https://registry.npmjs.org/@rollup%2frollup-openbsd-x64 set size:19171 disposed:false
317 http fetch GET 200 https://registry.npmjs.org/@rollup%2frollup-win32-x64-msvc 435ms (cache revalidated)
318 silly packumentCache full:https://registry.npmjs.org/@rollup%2frollup-win32-x64-msvc set size:326588 disposed:false
319 http fetch GET 200 https://registry.npmjs.org/@rollup%2frollup-openharmony-arm64 218ms (cache revalidated)
320 silly packumentCache full:https://registry.npmjs.org/@rollup%2frollup-openharmony-arm64 set size:58833 disposed:false
321 http fetch GET 200 https://registry.npmjs.org/@rollup%2frollup-linux-x64-gnu 404ms (cache revalidated)
322 silly packumentCache full:https://registry.npmjs.org/@rollup%2frollup-linux-x64-gnu set size:328744 disposed:false
323 http fetch GET 200 https://registry.npmjs.org/@rollup%2frollup-darwin-x64 620ms (cache revalidated)
324 silly packumentCache full:https://registry.npmjs.org/@rollup%2frollup-darwin-x64 set size:321884 disposed:false
325 silly placeDep ROOT @esbuild/aix-ppc64@0.21.5 OK for: esbuild@0.21.5 want: 0.21.5
326 silly placeDep ROOT @esbuild/android-arm@0.21.5 OK for: esbuild@0.21.5 want: 0.21.5
327 silly placeDep ROOT @esbuild/android-arm64@0.21.5 OK for: esbuild@0.21.5 want: 0.21.5
328 silly placeDep ROOT @esbuild/android-x64@0.21.5 OK for: esbuild@0.21.5 want: 0.21.5
329 silly placeDep ROOT @esbuild/darwin-arm64@0.21.5 OK for: esbuild@0.21.5 want: 0.21.5
330 silly placeDep ROOT @esbuild/darwin-x64@0.21.5 OK for: esbuild@0.21.5 want: 0.21.5
331 silly placeDep ROOT @esbuild/freebsd-arm64@0.21.5 OK for: esbuild@0.21.5 want: 0.21.5
332 silly placeDep ROOT @esbuild/freebsd-x64@0.21.5 OK for: esbuild@0.21.5 want: 0.21.5
333 silly placeDep ROOT @esbuild/linux-arm@0.21.5 OK for: esbuild@0.21.5 want: 0.21.5
334 silly placeDep ROOT @esbuild/linux-arm64@0.21.5 OK for: esbuild@0.21.5 want: 0.21.5
335 silly placeDep ROOT @esbuild/linux-ia32@0.21.5 OK for: esbuild@0.21.5 want: 0.21.5
336 silly placeDep ROOT @esbuild/linux-loong64@0.21.5 OK for: esbuild@0.21.5 want: 0.21.5
337 silly placeDep ROOT @esbuild/linux-mips64el@0.21.5 OK for: esbuild@0.21.5 want: 0.21.5
338 silly placeDep ROOT @esbuild/linux-ppc64@0.21.5 OK for: esbuild@0.21.5 want: 0.21.5
339 silly placeDep ROOT @esbuild/linux-riscv64@0.21.5 OK for: esbuild@0.21.5 want: 0.21.5
340 silly placeDep ROOT @esbuild/linux-s390x@0.21.5 OK for: esbuild@0.21.5 want: 0.21.5
341 silly placeDep ROOT @esbuild/linux-x64@0.21.5 OK for: esbuild@0.21.5 want: 0.21.5
342 silly placeDep ROOT @esbuild/netbsd-x64@0.21.5 OK for: esbuild@0.21.5 want: 0.21.5
343 silly placeDep ROOT @esbuild/openbsd-x64@0.21.5 OK for: esbuild@0.21.5 want: 0.21.5
344 silly placeDep ROOT @esbuild/sunos-x64@0.21.5 OK for: esbuild@0.21.5 want: 0.21.5
345 silly placeDep ROOT @esbuild/win32-arm64@0.21.5 OK for: esbuild@0.21.5 want: 0.21.5
346 silly placeDep ROOT @esbuild/win32-ia32@0.21.5 OK for: esbuild@0.21.5 want: 0.21.5
347 silly placeDep ROOT @esbuild/win32-x64@0.21.5 OK for: esbuild@0.21.5 want: 0.21.5
348 silly placeDep ROOT nanoid@3.3.11 OK for: postcss@8.5.8 want: ^3.3.11
349 silly placeDep ROOT picocolors@1.1.1 OK for: postcss@8.5.8 want: ^1.1.1
350 silly placeDep ROOT source-map-js@1.2.1 OK for: postcss@8.5.8 want: ^1.2.1
351 silly placeDep ROOT @rollup/rollup-android-arm-eabi@4.59.0 OK for: rollup@4.59.0 want: 4.59.0
352 silly placeDep ROOT @rollup/rollup-android-arm64@4.59.0 OK for: rollup@4.59.0 want: 4.59.0
353 silly placeDep ROOT @rollup/rollup-darwin-arm64@4.59.0 OK for: rollup@4.59.0 want: 4.59.0
354 silly placeDep ROOT @rollup/rollup-darwin-x64@4.59.0 OK for: rollup@4.59.0 want: 4.59.0
355 silly placeDep ROOT @rollup/rollup-freebsd-arm64@4.59.0 OK for: rollup@4.59.0 want: 4.59.0
356 silly placeDep ROOT @rollup/rollup-freebsd-x64@4.59.0 OK for: rollup@4.59.0 want: 4.59.0
357 silly placeDep ROOT @rollup/rollup-linux-arm-gnueabihf@4.59.0 OK for: rollup@4.59.0 want: 4.59.0
358 silly placeDep ROOT @rollup/rollup-linux-arm-musleabihf@4.59.0 OK for: rollup@4.59.0 want: 4.59.0
359 silly placeDep ROOT @rollup/rollup-linux-arm64-gnu@4.59.0 OK for: rollup@4.59.0 want: 4.59.0
360 silly placeDep ROOT @rollup/rollup-linux-arm64-musl@4.59.0 OK for: rollup@4.59.0 want: 4.59.0
361 silly placeDep ROOT @rollup/rollup-linux-loong64-gnu@4.59.0 OK for: rollup@4.59.0 want: 4.59.0
362 silly placeDep ROOT @rollup/rollup-linux-loong64-musl@4.59.0 OK for: rollup@4.59.0 want: 4.59.0
363 silly placeDep ROOT @rollup/rollup-linux-ppc64-gnu@4.59.0 OK for: rollup@4.59.0 want: 4.59.0
364 silly placeDep ROOT @rollup/rollup-linux-ppc64-musl@4.59.0 OK for: rollup@4.59.0 want: 4.59.0
365 silly placeDep ROOT @rollup/rollup-linux-riscv64-gnu@4.59.0 OK for: rollup@4.59.0 want: 4.59.0
366 silly placeDep ROOT @rollup/rollup-linux-riscv64-musl@4.59.0 OK for: rollup@4.59.0 want: 4.59.0
367 silly placeDep ROOT @rollup/rollup-linux-s390x-gnu@4.59.0 OK for: rollup@4.59.0 want: 4.59.0
368 silly placeDep ROOT @rollup/rollup-linux-x64-gnu@4.59.0 OK for: rollup@4.59.0 want: 4.59.0
369 silly placeDep ROOT @rollup/rollup-linux-x64-musl@4.59.0 OK for: rollup@4.59.0 want: 4.59.0
370 silly placeDep ROOT @rollup/rollup-openbsd-x64@4.59.0 OK for: rollup@4.59.0 want: 4.59.0
371 silly placeDep ROOT @rollup/rollup-openharmony-arm64@4.59.0 OK for: rollup@4.59.0 want: 4.59.0
372 silly placeDep ROOT @rollup/rollup-win32-arm64-msvc@4.59.0 OK for: rollup@4.59.0 want: 4.59.0
373 silly placeDep ROOT @rollup/rollup-win32-ia32-msvc@4.59.0 OK for: rollup@4.59.0 want: 4.59.0
374 silly placeDep ROOT @rollup/rollup-win32-x64-gnu@4.59.0 OK for: rollup@4.59.0 want: 4.59.0
375 silly placeDep ROOT @rollup/rollup-win32-x64-msvc@4.59.0 OK for: rollup@4.59.0 want: 4.59.0
376 silly placeDep ROOT @types/estree@1.0.8 OK for: rollup@4.59.0 want: 1.0.8
377 silly fetch manifest vue@3.5.29
378 silly packumentCache full:https://registry.npmjs.org/vue cache-miss
379 http cache https://registry.npmjs.org/vue 5ms (cache hit)
380 silly packumentCache full:https://registry.npmjs.org/vue set size:2001333 disposed:false
381 silly placeDep ROOT @vue/compiler-dom@3.5.29 OK for: vue@3.5.29 want: 3.5.29
382 silly placeDep ROOT @vue/compiler-sfc@3.5.29 OK for: vue@3.5.29 want: 3.5.29
383 silly placeDep ROOT @vue/runtime-dom@3.5.29 OK for: vue@3.5.29 want: 3.5.29
384 silly placeDep ROOT @vue/server-renderer@3.5.29 OK for: vue@3.5.29 want: 3.5.29
385 silly placeDep ROOT @vue/shared@3.5.29 OK for: vue@3.5.29 want: 3.5.29
386 silly fetch manifest @vue/compiler-core@3.5.29
387 silly packumentCache full:https://registry.npmjs.org/@vue%2fcompiler-core cache-miss
388 silly fetch manifest magic-string@^0.30.21
389 silly packumentCache full:https://registry.npmjs.org/magic-string cache-miss
390 silly fetch manifest @babel/parser@^7.29.0
391 silly packumentCache full:https://registry.npmjs.org/@babel%2fparser cache-miss
392 silly fetch manifest estree-walker@^2.0.2
393 silly packumentCache full:https://registry.npmjs.org/estree-walker cache-miss
394 silly fetch manifest @vue/compiler-ssr@3.5.29
395 silly packumentCache full:https://registry.npmjs.org/@vue%2fcompiler-ssr cache-miss
396 silly fetch manifest @vue/compiler-core@3.5.29
397 silly packumentCache full:https://registry.npmjs.org/@vue%2fcompiler-core cache-miss
398 silly fetch manifest csstype@^3.2.3
399 silly packumentCache full:https://registry.npmjs.org/csstype cache-miss
400 silly fetch manifest @vue/reactivity@3.5.29
401 silly packumentCache full:https://registry.npmjs.org/@vue%2freactivity cache-miss
402 silly fetch manifest @vue/runtime-core@3.5.29
403 silly packumentCache full:https://registry.npmjs.org/@vue%2fruntime-core cache-miss
404 silly fetch manifest @vue/compiler-ssr@3.5.29
405 silly packumentCache full:https://registry.npmjs.org/@vue%2fcompiler-ssr cache-miss
406 http fetch GET 200 https://registry.npmjs.org/magic-string 200ms (cache revalidated)
407 silly packumentCache full:https://registry.npmjs.org/magic-string set size:331817 disposed:false
408 http fetch GET 200 https://registry.npmjs.org/@babel%2fparser 227ms (cache revalidated)
409 silly packumentCache full:https://registry.npmjs.org/@babel%2fparser set size:714217 disposed:false
410 http fetch GET 200 https://registry.npmjs.org/csstype 230ms (cache revalidated)
411 silly packumentCache full:https://registry.npmjs.org/csstype set size:274189 disposed:false
412 http fetch GET 200 https://registry.npmjs.org/estree-walker 232ms (cache revalidated)
413 silly packumentCache full:https://registry.npmjs.org/estree-walker set size:60887 disposed:false
414 http fetch GET 200 https://registry.npmjs.org/@vue%2fcompiler-core 768ms (cache revalidated)
415 silly packumentCache full:https://registry.npmjs.org/@vue%2fcompiler-core set size:799437 disposed:false
416 http fetch GET 200 https://registry.npmjs.org/@vue%2fcompiler-core 771ms (cache revalidated)
417 silly packumentCache full:https://registry.npmjs.org/@vue%2fcompiler-core set size:799437 disposed:false
418 silly packumentCache full:https://registry.npmjs.org/@vue%2fcompiler-core dispose
419 http fetch GET 200 https://registry.npmjs.org/@vue%2fcompiler-ssr 774ms (cache revalidated)
420 silly packumentCache full:https://registry.npmjs.org/@vue%2fcompiler-ssr set size:682769 disposed:false
421 http fetch GET 200 https://registry.npmjs.org/@vue%2fruntime-core 777ms (cache revalidated)
422 silly packumentCache full:https://registry.npmjs.org/@vue%2fruntime-core set size:774456 disposed:false
423 http fetch GET 200 https://registry.npmjs.org/@vue%2fcompiler-ssr 780ms (cache revalidated)
424 silly packumentCache full:https://registry.npmjs.org/@vue%2fcompiler-ssr set size:682769 disposed:false
425 silly packumentCache full:https://registry.npmjs.org/@vue%2fcompiler-ssr dispose
426 http fetch GET 200 https://registry.npmjs.org/@vue%2freactivity 784ms (cache revalidated)
427 silly packumentCache full:https://registry.npmjs.org/@vue%2freactivity set size:785054 disposed:false
428 silly placeDep ROOT @vue/compiler-core@3.5.29 OK for: @vue/compiler-dom@3.5.29 want: 3.5.29
429 silly fetch manifest entities@^7.0.1
430 silly packumentCache full:https://registry.npmjs.org/entities cache-miss
431 http fetch GET 200 https://registry.npmjs.org/entities 241ms (cache revalidated)
432 silly packumentCache full:https://registry.npmjs.org/entities set size:99036 disposed:false
433 silly placeDep ROOT @babel/parser@7.29.0 OK for: @vue/compiler-core@3.5.29 want: ^7.29.0
434 silly placeDep ROOT entities@7.0.1 OK for: @vue/compiler-core@3.5.29 want: ^7.0.1
435 silly placeDep ROOT estree-walker@2.0.2 OK for: @vue/compiler-core@3.5.29 want: ^2.0.2
436 silly fetch manifest @babel/types@^7.29.0
437 silly packumentCache full:https://registry.npmjs.org/@babel%2ftypes cache-miss
438 http fetch GET 200 https://registry.npmjs.org/@babel%2ftypes 155ms (cache revalidated)
439 silly packumentCache full:https://registry.npmjs.org/@babel%2ftypes set size:485839 disposed:false
440 silly placeDep ROOT @babel/types@7.29.0 OK for: @babel/parser@7.29.0 want: ^7.29.0
441 silly fetch manifest @babel/helper-string-parser@^7.27.1
442 silly packumentCache full:https://registry.npmjs.org/@babel%2fhelper-string-parser cache-miss
443 silly fetch manifest @babel/helper-validator-identifier@^7.28.5
444 silly packumentCache full:https://registry.npmjs.org/@babel%2fhelper-validator-identifier cache-miss
445 http fetch GET 200 https://registry.npmjs.org/@babel%2fhelper-validator-identifier 216ms (cache revalidated)
446 silly packumentCache full:https://registry.npmjs.org/@babel%2fhelper-validator-identifier set size:114475 disposed:false
447 http fetch GET 200 https://registry.npmjs.org/@babel%2fhelper-string-parser 227ms (cache revalidated)
448 silly packumentCache full:https://registry.npmjs.org/@babel%2fhelper-string-parser set size:80211 disposed:false
449 silly placeDep ROOT @babel/helper-string-parser@7.27.1 OK for: @babel/types@7.29.0 want: ^7.27.1
450 silly placeDep ROOT @babel/helper-validator-identifier@7.28.5 OK for: @babel/types@7.29.0 want: ^7.28.5
451 silly placeDep ROOT @vue/compiler-ssr@3.5.29 OK for: @vue/compiler-sfc@3.5.29 want: 3.5.29
452 silly placeDep ROOT magic-string@0.30.21 OK for: @vue/compiler-sfc@3.5.29 want: ^0.30.21
453 silly fetch manifest @jridgewell/sourcemap-codec@^1.5.5
454 silly packumentCache full:https://registry.npmjs.org/@jridgewell%2fsourcemap-codec cache-miss
455 http fetch GET 200 https://registry.npmjs.org/@jridgewell%2fsourcemap-codec 234ms (cache revalidated)
456 silly packumentCache full:https://registry.npmjs.org/@jridgewell%2fsourcemap-codec set size:59275 disposed:false
457 silly placeDep ROOT @vue/reactivity@3.5.29 OK for: @vue/runtime-dom@3.5.29 want: 3.5.29
458 silly placeDep ROOT @vue/runtime-core@3.5.29 OK for: @vue/runtime-dom@3.5.29 want: 3.5.29
459 silly placeDep ROOT csstype@3.2.3 OK for: @vue/runtime-dom@3.5.29 want: ^3.2.3
460 silly placeDep ROOT @jridgewell/sourcemap-codec@1.5.5 OK for: magic-string@0.30.21 want: ^1.5.5
461 silly placeDep ROOT @vue/devtools-api@6.6.4 OK for: vue-router@4.6.4 want: ^6.6.4
462 silly reify mark retired [ 'F:\\Portfolio\\node_modules\\pdfjs-dist' ]
463 silly reify mark retired [ 'F:\\Portfolio\\node_modules\\@napi-rs\\canvas-win32-x64-msvc' ]
464 silly reify mark retired [
464 silly reify   'F:\\Portfolio\\node_modules\\pdf-parse',
464 silly reify   'F:\\Portfolio\\node_modules\\.bin\\pdf-parse',
464 silly reify   'F:\\Portfolio\\node_modules\\.bin\\pdf-parse.cmd',
464 silly reify   'F:\\Portfolio\\node_modules\\.bin\\pdf-parse.ps1'
464 silly reify ]
465 silly reify mark retired [ 'F:\\Portfolio\\node_modules\\@napi-rs\\canvas' ]
466 silly reify moves {
466 silly reify   'F:\\Portfolio\\node_modules\\pdfjs-dist': 'F:\\Portfolio\\node_modules\\.pdfjs-dist-idfhGcqU',
466 silly reify   'F:\\Portfolio\\node_modules\\@napi-rs\\canvas-win32-x64-msvc': 'F:\\Portfolio\\node_modules\\@napi-rs\\.canvas-win32-x64-msvc-6AidNwA1',
466 silly reify   'F:\\Portfolio\\node_modules\\pdf-parse': 'F:\\Portfolio\\node_modules\\.pdf-parse-3JMTMT8N',
466 silly reify   'F:\\Portfolio\\node_modules\\.bin\\pdf-parse': 'F:\\Portfolio\\node_modules\\.bin\\.pdf-parse-rbFktGO7',
466 silly reify   'F:\\Portfolio\\node_modules\\.bin\\pdf-parse.cmd': 'F:\\Portfolio\\node_modules\\.bin\\.pdf-parse.cmd-GpUeqxhT',
466 silly reify   'F:\\Portfolio\\node_modules\\.bin\\pdf-parse.ps1': 'F:\\Portfolio\\node_modules\\.bin\\.pdf-parse.ps1-bCjabFZw',
466 silly reify   'F:\\Portfolio\\node_modules\\@napi-rs\\canvas': 'F:\\Portfolio\\node_modules\\@napi-rs\\.canvas-ur3H2eDh'
466 silly reify }
467 silly audit bulk request {
467 silly audit   '@vitejs/plugin-vue': [ '5.2.4' ],
467 silly audit   vue: [ '3.5.29' ],
467 silly audit   vite: [ '5.4.21' ],
467 silly audit   'vue-router': [ '4.6.4' ],
467 silly audit   esbuild: [ '0.21.5' ],
467 silly audit   fsevents: [ '2.3.3' ],
467 silly audit   postcss: [ '8.5.8' ],
467 silly audit   rollup: [ '4.59.0' ],
467 silly audit   '@esbuild/aix-ppc64': [ '0.21.5' ],
467 silly audit   '@esbuild/android-arm': [ '0.21.5' ],
467 silly audit   '@esbuild/android-arm64': [ '0.21.5' ],
467 silly audit   '@esbuild/android-x64': [ '0.21.5' ],
467 silly audit   '@esbuild/darwin-arm64': [ '0.21.5' ],
467 silly audit   '@esbuild/darwin-x64': [ '0.21.5' ],
467 silly audit   '@esbuild/freebsd-arm64': [ '0.21.5' ],
467 silly audit   '@esbuild/freebsd-x64': [ '0.21.5' ],
467 silly audit   '@esbuild/linux-arm': [ '0.21.5' ],
467 silly audit   '@esbuild/linux-arm64': [ '0.21.5' ],
467 silly audit   '@esbuild/linux-ia32': [ '0.21.5' ],
467 silly audit   '@esbuild/linux-loong64': [ '0.21.5' ],
467 silly audit   '@esbuild/linux-mips64el': [ '0.21.5' ],
467 silly audit   '@esbuild/linux-ppc64': [ '0.21.5' ],
467 silly audit   '@esbuild/linux-riscv64': [ '0.21.5' ],
467 silly audit   '@esbuild/linux-s390x': [ '0.21.5' ],
467 silly audit   '@esbuild/linux-x64': [ '0.21.5' ],
467 silly audit   '@esbuild/netbsd-x64': [ '0.21.5' ],
467 silly audit   '@esbuild/openbsd-x64': [ '0.21.5' ],
467 silly audit   '@esbuild/sunos-x64': [ '0.21.5' ],
467 silly audit   '@esbuild/win32-arm64': [ '0.21.5' ],
467 silly audit   '@esbuild/win32-ia32': [ '0.21.5' ],
467 silly audit   '@esbuild/win32-x64': [ '0.21.5' ],
467 silly audit   nanoid: [ '3.3.11' ],
467 silly audit   picocolors: [ '1.1.1' ],
467 silly audit   'source-map-js': [ '1.2.1' ],
467 silly audit   '@rollup/rollup-android-arm-eabi': [ '4.59.0' ],
467 silly audit   '@rollup/rollup-android-arm64': [ '4.59.0' ],
467 silly audit   '@rollup/rollup-darwin-arm64': [ '4.59.0' ],
467 silly audit   '@rollup/rollup-darwin-x64': [ '4.59.0' ],
467 silly audit   '@rollup/rollup-freebsd-arm64': [ '4.59.0' ],
467 silly audit   '@rollup/rollup-freebsd-x64': [ '4.59.0' ],
467 silly audit   '@rollup/rollup-linux-arm-gnueabihf': [ '4.59.0' ],
467 silly audit   '@rollup/rollup-linux-arm-musleabihf': [ '4.59.0' ],
467 silly audit   '@rollup/rollup-linux-arm64-gnu': [ '4.59.0' ],
467 silly audit   '@rollup/rollup-linux-arm64-musl': [ '4.59.0' ],
467 silly audit   '@rollup/rollup-linux-loong64-gnu': [ '4.59.0' ],
467 silly audit   '@rollup/rollup-linux-loong64-musl': [ '4.59.0' ],
467 silly audit   '@rollup/rollup-linux-ppc64-gnu': [ '4.59.0' ],
467 silly audit   '@rollup/rollup-linux-ppc64-musl': [ '4.59.0' ],
467 silly audit   '@rollup/rollup-linux-riscv64-gnu': [ '4.59.0' ],
467 silly audit   '@rollup/rollup-linux-riscv64-musl': [ '4.59.0' ],
467 silly audit   '@rollup/rollup-linux-s390x-gnu': [ '4.59.0' ],
467 silly audit   '@rollup/rollup-linux-x64-gnu': [ '4.59.0' ],
467 silly audit   '@rollup/rollup-linux-x64-musl': [ '4.59.0' ],
467 silly audit   '@rollup/rollup-openbsd-x64': [ '4.59.0' ],
467 silly audit   '@rollup/rollup-openharmony-arm64': [ '4.59.0' ],
467 silly audit   '@rollup/rollup-win32-arm64-msvc': [ '4.59.0' ],
467 silly audit   '@rollup/rollup-win32-ia32-msvc': [ '4.59.0' ],
467 silly audit   '@rollup/rollup-win32-x64-gnu': [ '4.59.0' ],
467 silly audit   '@rollup/rollup-win32-x64-msvc': [ '4.59.0' ],
467 silly audit   '@types/estree': [ '1.0.8' ],
467 silly audit   '@vue/compiler-dom': [ '3.5.29' ],
467 silly audit   '@vue/compiler-sfc': [ '3.5.29' ],
467 silly audit   '@vue/runtime-dom': [ '3.5.29' ],
467 silly audit   '@vue/server-renderer': [ '3.5.29' ],
467 silly audit   '@vue/shared': [ '3.5.29' ],
467 silly audit   '@vue/compiler-core': [ '3.5.29' ],
467 silly audit   '@babel/parser': [ '7.29.0' ],
467 silly audit   entities: [ '7.0.1' ],
467 silly audit   'estree-walker': [ '2.0.2' ],
467 silly audit   '@babel/types': [ '7.29.0' ],
467 silly audit   '@babel/helper-string-parser': [ '7.27.1' ],
467 silly audit   '@babel/helper-validator-identifier': [ '7.28.5' ],
467 silly audit   '@vue/compiler-ssr': [ '3.5.29' ],
467 silly audit   'magic-string': [ '0.30.21' ],
467 silly audit   '@vue/reactivity': [ '3.5.29' ],
467 silly audit   '@vue/runtime-core': [ '3.5.29' ],
467 silly audit   csstype: [ '3.2.3' ],
467 silly audit   '@jridgewell/sourcemap-codec': [ '1.5.5' ],
467 silly audit   '@vue/devtools-api': [ '6.6.4' ]
467 silly audit }
468 http cache @jridgewell/sourcemap-codec@https://registry.npmjs.org/@jridgewell/sourcemap-codec/-/sourcemap-codec-1.5.5.tgz 0ms (cache hit)
469 http cache @vue/devtools-api@https://registry.npmjs.org/@vue/devtools-api/-/devtools-api-6.6.4.tgz 0ms (cache hit)
470 http cache @vue/runtime-core@https://registry.npmjs.org/@vue/runtime-core/-/runtime-core-3.5.29.tgz 0ms (cache hit)
471 http cache @vue/reactivity@https://registry.npmjs.org/@vue/reactivity/-/reactivity-3.5.29.tgz 0ms (cache hit)
472 http cache @vue/compiler-ssr@https://registry.npmjs.org/@vue/compiler-ssr/-/compiler-ssr-3.5.29.tgz 0ms (cache hit)
473 http cache @babel/helper-validator-identifier@https://registry.npmjs.org/@babel/helper-validator-identifier/-/helper-validator-identifier-7.28.5.tgz 0ms (cache hit)
474 http cache magic-string@https://registry.npmjs.org/magic-string/-/magic-string-0.30.21.tgz 0ms (cache hit)
475 http cache @babel/types@https://registry.npmjs.org/@babel/types/-/types-7.29.0.tgz 0ms (cache hit)
476 http cache @babel/helper-string-parser@https://registry.npmjs.org/@babel/helper-string-parser/-/helper-string-parser-7.27.1.tgz 0ms (cache hit)
477 http cache entities@https://registry.npmjs.org/entities/-/entities-7.0.1.tgz 0ms (cache hit)
478 http cache csstype@https://registry.npmjs.org/csstype/-/csstype-3.2.3.tgz 0ms (cache hit)
479 http cache @vue/compiler-core@https://registry.npmjs.org/@vue/compiler-core/-/compiler-core-3.5.29.tgz 0ms (cache hit)
480 http cache @babel/parser@https://registry.npmjs.org/@babel/parser/-/parser-7.29.0.tgz 0ms (cache hit)
481 http cache estree-walker@https://registry.npmjs.org/estree-walker/-/estree-walker-2.0.2.tgz 0ms (cache hit)
482 http cache @vue/shared@https://registry.npmjs.org/@vue/shared/-/shared-3.5.29.tgz 0ms (cache hit)
483 http cache @vue/server-renderer@https://registry.npmjs.org/@vue/server-renderer/-/server-renderer-3.5.29.tgz 0ms (cache hit)
484 http cache @vue/runtime-dom@https://registry.npmjs.org/@vue/runtime-dom/-/runtime-dom-3.5.29.tgz 0ms (cache hit)
485 http cache @vue/compiler-sfc@https://registry.npmjs.org/@vue/compiler-sfc/-/compiler-sfc-3.5.29.tgz 0ms (cache hit)
486 http cache @types/estree@https://registry.npmjs.org/@types/estree/-/estree-1.0.8.tgz 0ms (cache hit)
487 http cache @vue/compiler-dom@https://registry.npmjs.org/@vue/compiler-dom/-/compiler-dom-3.5.29.tgz 0ms (cache hit)
488 http cache @rollup/rollup-win32-x64-gnu@https://registry.npmjs.org/@rollup/rollup-win32-x64-gnu/-/rollup-win32-x64-gnu-4.59.0.tgz 0ms (cache hit)
489 http cache @esbuild/win32-x64@https://registry.npmjs.org/@esbuild/win32-x64/-/win32-x64-0.21.5.tgz 0ms (cache hit)
490 http cache @rollup/rollup-win32-x64-msvc@https://registry.npmjs.org/@rollup/rollup-win32-x64-msvc/-/rollup-win32-x64-msvc-4.59.0.tgz 0ms (cache hit)
491 http cache nanoid@https://registry.npmjs.org/nanoid/-/nanoid-3.3.11.tgz 0ms (cache hit)
492 http cache source-map-js@https://registry.npmjs.org/source-map-js/-/source-map-js-1.2.1.tgz 0ms (cache hit)
493 http cache rollup@https://registry.npmjs.org/rollup/-/rollup-4.59.0.tgz 0ms (cache hit)
494 http cache postcss@https://registry.npmjs.org/postcss/-/postcss-8.5.8.tgz 0ms (cache hit)
495 http cache vue-router@https://registry.npmjs.org/vue-router/-/vue-router-4.6.4.tgz 0ms (cache hit)
496 http cache picocolors@https://registry.npmjs.org/picocolors/-/picocolors-1.1.1.tgz 0ms (cache hit)
497 http cache esbuild@https://registry.npmjs.org/esbuild/-/esbuild-0.21.5.tgz 0ms (cache hit)
498 http cache vite@https://registry.npmjs.org/vite/-/vite-5.4.21.tgz 0ms (cache hit)
499 http cache @vitejs/plugin-vue@https://registry.npmjs.org/@vitejs/plugin-vue/-/plugin-vue-5.2.4.tgz 0ms (cache hit)
500 http cache vue@https://registry.npmjs.org/vue/-/vue-3.5.29.tgz 0ms (cache hit)
501 http fetch POST 200 https://registry.npmjs.org/-/npm/v1/security/advisories/bulk 613ms
502 silly audit report {
502 silly audit report   esbuild: [
502 silly audit report     {
502 silly audit report       id: 1102341,
502 silly audit report       url: 'https://github.com/advisories/GHSA-67mh-4wv8-2f99',
502 silly audit report       title: 'esbuild enables any website to send any requests to the development server and read the response',
502 silly audit report       severity: 'moderate',
502 silly audit report       vulnerable_versions: '<=0.24.2',
502 silly audit report       cwe: [Array],
502 silly audit report       cvss: [Object]
502 silly audit report     }
502 silly audit report   ]
502 silly audit report }
503 silly packumentCache corgi:https://registry.npmjs.org/esbuild cache-miss
504 http fetch GET 200 https://registry.npmjs.org/esbuild 1001ms (cache revalidated)
505 silly packumentCache corgi:https://registry.npmjs.org/esbuild set size:879341 disposed:false
506 silly packumentCache corgi:https://registry.npmjs.org/vite cache-miss
507 http fetch GET 200 https://registry.npmjs.org/vite 927ms (cache revalidated)
508 silly packumentCache corgi:https://registry.npmjs.org/vite set size:2190484 disposed:false
509 silly packumentCache corgi:https://registry.npmjs.org/@vitejs%2fplugin-vue cache-miss
510 http fetch GET 200 https://registry.npmjs.org/@vitejs%2fplugin-vue 972ms (cache revalidated)
511 silly packumentCache corgi:https://registry.npmjs.org/@vitejs%2fplugin-vue set size:170535 disposed:false
512 info run esbuild@0.21.5 postinstall node_modules/esbuild node install.js
513 info run esbuild@0.21.5 postinstall { code: 0, signal: null }
514 silly ADD node_modules/@vue/devtools-api
515 silly ADD node_modules/@jridgewell/sourcemap-codec
516 silly ADD node_modules/csstype
517 silly ADD node_modules/@vue/runtime-core
518 silly ADD node_modules/@vue/reactivity
519 silly ADD node_modules/magic-string
520 silly ADD node_modules/@vue/compiler-ssr
521 silly ADD node_modules/@babel/helper-validator-identifier
522 silly ADD node_modules/@babel/helper-string-parser
523 silly ADD node_modules/@babel/types
524 silly ADD node_modules/estree-walker
525 silly ADD node_modules/entities
526 silly ADD node_modules/@babel/parser
527 silly ADD node_modules/@vue/compiler-core
528 silly ADD node_modules/@vue/shared
529 silly ADD node_modules/@vue/server-renderer
530 silly ADD node_modules/@vue/runtime-dom
531 silly ADD node_modules/@vue/compiler-sfc
532 silly ADD node_modules/@vue/compiler-dom
533 silly ADD node_modules/@types/estree
534 silly ADD node_modules/@rollup/rollup-win32-x64-msvc
535 silly ADD node_modules/@rollup/rollup-win32-x64-gnu
536 silly ADD node_modules/source-map-js
537 silly ADD node_modules/picocolors
538 silly ADD node_modules/nanoid
539 silly ADD node_modules/@esbuild/win32-x64
540 silly ADD node_modules/rollup
541 silly ADD node_modules/postcss
542 silly ADD node_modules/esbuild
543 silly ADD node_modules/vue-router
544 silly ADD node_modules/vite
545 silly ADD node_modules/vue
546 silly ADD node_modules/@vitejs/plugin-vue
547 silly REMOVE node_modules/@napi-rs/canvas
548 silly REMOVE node_modules/pdf-parse
549 silly REMOVE node_modules/@napi-rs/canvas-win32-x64-msvc
550 silly REMOVE node_modules/pdfjs-dist
551 verbose cwd F:\Portfolio
552 verbose os Windows_NT 10.0.26200
553 verbose node v24.13.0
554 verbose npm  v11.6.2
555 verbose exit 0
556 info ok
