0 verbose cli C:\Program Files\nodejs\node.exe C:\Program Files\nodejs\node_modules\npm\bin\npm-cli.js
1 info using npm@11.6.2
2 info using node@v24.13.0
3 silly config load:file:C:\Program Files\nodejs\node_modules\npm\npmrc
4 silly config load:file:F:\Portfolio\.npmrc
5 silly config load:file:C:\Users\pcc\.npmrc
6 silly config load:file:C:\Users\pcc\AppData\Roaming\npm\etc\npmrc
7 verbose title npm install
8 verbose argv "install" "--cache" ".npm-cache"
9 verbose logfile logs-max:10 dir:F:\Portfolio\.npm-cache\_logs\2026-03-06T22_00_47_134Z-
10 verbose logfile F:\Portfolio\.npm-cache\_logs\2026-03-06T22_00_47_134Z-debug-0.log
11 silly logfile done cleaning log files
12 silly packumentCache heap:2348810240 maxSize:587202560 maxEntrySize:293601280
13 silly idealTree buildDeps
14 silly fetch manifest vue@^3.5.13
15 silly packumentCache full:https://registry.npmjs.org/vue cache-miss
16 http fetch GET 200 https://registry.npmjs.org/vue 967ms (cache miss)
17 silly packumentCache full:https://registry.npmjs.org/vue set size:undefined disposed:false
18 silly fetch manifest typescript@*
19 silly packumentCache full:https://registry.npmjs.org/typescript cache-miss
20 http fetch GET 200 https://registry.npmjs.org/typescript 3013ms (cache miss)
21 silly packumentCache full:https://registry.npmjs.org/typescript set size:undefined disposed:false
22 silly fetch manifest vue-router@^4.5.1
23 silly packumentCache full:https://registry.npmjs.org/vue-router cache-miss
24 http fetch GET 200 https://registry.npmjs.org/vue-router 578ms (cache miss)
25 silly packumentCache full:https://registry.npmjs.org/vue-router set size:undefined disposed:false
26 silly fetch manifest @vitejs/plugin-vue@^5.2.1
27 silly packumentCache full:https://registry.npmjs.org/@vitejs%2fplugin-vue cache-miss
28 http fetch GET 200 https://registry.npmjs.org/@vitejs%2fplugin-vue 805ms (cache miss)
29 silly packumentCache full:https://registry.npmjs.org/@vitejs%2fplugin-vue set size:undefined disposed:false
30 silly fetch manifest vite@^5.4.11
31 silly packumentCache full:https://registry.npmjs.org/vite cache-miss
32 http fetch GET 200 https://registry.npmjs.org/vite 18314ms (cache miss)
33 silly packumentCache full:https://registry.npmjs.org/vite set size:undefined disposed:false
34 silly fetch manifest @types/node@^18.0.0 || >=20.0.0
35 silly packumentCache full:https://registry.npmjs.org/@types%2fnode cache-miss
36 http fetch GET 200 https://registry.npmjs.org/@types%2fnode 4921ms (cache miss)
37 silly packumentCache full:https://registry.npmjs.org/@types%2fnode set size:undefined disposed:false
38 silly fetch manifest less@*
39 silly packumentCache full:https://registry.npmjs.org/less cache-miss
40 http fetch GET 200 https://registry.npmjs.org/less 375ms (cache miss)
41 silly packumentCache full:https://registry.npmjs.org/less set size:undefined disposed:false
42 silly fetch manifest lightningcss@^1.21.0
43 silly packumentCache full:https://registry.npmjs.org/lightningcss cache-miss
44 http fetch GET 200 https://registry.npmjs.org/lightningcss 221ms (cache miss)
45 silly packumentCache full:https://registry.npmjs.org/lightningcss set size:undefined disposed:false
46 silly fetch manifest sass@*
47 silly packumentCache full:https://registry.npmjs.org/sass cache-miss
48 http fetch GET 200 https://registry.npmjs.org/sass 676ms (cache miss)
49 silly packumentCache full:https://registry.npmjs.org/sass set size:undefined disposed:false
50 silly fetch manifest sass-embedded@*
51 silly packumentCache full:https://registry.npmjs.org/sass-embedded cache-miss
52 http fetch GET 200 https://registry.npmjs.org/sass-embedded 293ms (cache miss)
53 silly packumentCache full:https://registry.npmjs.org/sass-embedded set size:undefined disposed:false
54 silly fetch manifest stylus@*
55 silly packumentCache full:https://registry.npmjs.org/stylus cache-miss
56 http fetch GET 200 https://registry.npmjs.org/stylus 310ms (cache miss)
57 silly packumentCache full:https://registry.npmjs.org/stylus set size:undefined disposed:false
58 silly fetch manifest sugarss@*
59 silly packumentCache full:https://registry.npmjs.org/sugarss cache-miss
60 http fetch GET 200 https://registry.npmjs.org/sugarss 172ms (cache miss)
61 silly packumentCache full:https://registry.npmjs.org/sugarss set size:undefined disposed:false
62 silly fetch manifest postcss@^8.3.3
63 silly packumentCache full:https://registry.npmjs.org/postcss cache-miss
64 http fetch GET 200 https://registry.npmjs.org/postcss 507ms (cache miss)
65 silly packumentCache full:https://registry.npmjs.org/postcss set size:undefined disposed:false
66 silly fetch manifest terser@^5.4.0
67 silly packumentCache full:https://registry.npmjs.org/terser cache-miss
68 http fetch GET 200 https://registry.npmjs.org/terser 555ms (cache miss)
69 silly packumentCache full:https://registry.npmjs.org/terser set size:undefined disposed:false
70 silly placeDep ROOT @vitejs/plugin-vue@5.2.4 OK for: portfolio-vue@1.0.0 want: ^5.2.1
71 silly placeDep ROOT vue@3.5.29 OK for: @vitejs/plugin-vue@5.2.4 want: ^3.2.25
72 silly placeDep ROOT vite@5.4.21 OK for: @vitejs/plugin-vue@5.2.4 want: ^5.0.0 || ^6.0.0
73 silly placeDep ROOT vue-router@4.6.4 OK for: portfolio-vue@1.0.0 want: ^4.5.1
74 silly fetch manifest rollup@^4.20.0
75 silly packumentCache full:https://registry.npmjs.org/rollup cache-miss
76 silly fetch manifest esbuild@^0.21.3
77 silly packumentCache full:https://registry.npmjs.org/esbuild cache-miss
78 silly fetch manifest postcss@^8.4.43
79 silly packumentCache full:https://registry.npmjs.org/postcss cache-miss
80 silly fetch manifest fsevents@~2.3.3
81 silly packumentCache full:https://registry.npmjs.org/fsevents cache-miss
82 silly fetch manifest @vue/shared@3.5.29
83 silly packumentCache full:https://registry.npmjs.org/@vue%2fshared cache-miss
84 silly fetch manifest @vue/runtime-dom@3.5.29
85 silly packumentCache full:https://registry.npmjs.org/@vue%2fruntime-dom cache-miss
86 silly fetch manifest @vue/compiler-dom@3.5.29
87 silly packumentCache full:https://registry.npmjs.org/@vue%2fcompiler-dom cache-miss
88 silly fetch manifest @vue/compiler-sfc@3.5.29
89 silly packumentCache full:https://registry.npmjs.org/@vue%2fcompiler-sfc cache-miss
90 silly fetch manifest @vue/server-renderer@3.5.29
91 silly packumentCache full:https://registry.npmjs.org/@vue%2fserver-renderer cache-miss
92 silly fetch manifest @vue/devtools-api@^6.6.4
93 silly packumentCache full:https://registry.npmjs.org/@vue%2fdevtools-api cache-miss
94 http cache https://registry.npmjs.org/postcss 20ms (cache hit)
95 silly packumentCache full:https://registry.npmjs.org/postcss set size:702266 disposed:false
96 http fetch GET 200 https://registry.npmjs.org/@vue%2fdevtools-api 2993ms (cache miss)
97 silly packumentCache full:https://registry.npmjs.org/@vue%2fdevtools-api set size:undefined disposed:false
98 http fetch GET 200 https://registry.npmjs.org/fsevents 3016ms (cache miss)
99 silly packumentCache full:https://registry.npmjs.org/fsevents set size:undefined disposed:false
100 http fetch GET 200 https://registry.npmjs.org/rollup 3139ms (cache miss)
101 silly packumentCache full:https://registry.npmjs.org/rollup set size:undefined disposed:false
102 http fetch GET 200 https://registry.npmjs.org/@vue%2fshared 3584ms (cache miss)
103 silly packumentCache full:https://registry.npmjs.org/@vue%2fshared set size:undefined disposed:false
104 http fetch GET 200 https://registry.npmjs.org/@vue%2fcompiler-dom 3809ms (cache miss)
105 silly packumentCache full:https://registry.npmjs.org/@vue%2fcompiler-dom set size:undefined disposed:false
106 http fetch GET 200 https://registry.npmjs.org/@vue%2fserver-renderer 3900ms (cache miss)
107 silly packumentCache full:https://registry.npmjs.org/@vue%2fserver-renderer set size:undefined disposed:false
108 http fetch GET 200 https://registry.npmjs.org/@vue%2fruntime-dom 3929ms (cache miss)
109 silly packumentCache full:https://registry.npmjs.org/@vue%2fruntime-dom set size:undefined disposed:false
110 http fetch GET 200 https://registry.npmjs.org/esbuild 3969ms (cache miss)
111 silly packumentCache full:https://registry.npmjs.org/esbuild set size:undefined disposed:false
112 http fetch GET 200 https://registry.npmjs.org/@vue%2fcompiler-sfc 4104ms (cache miss)
113 silly packumentCache full:https://registry.npmjs.org/@vue%2fcompiler-sfc set size:undefined disposed:false
114 silly placeDep ROOT esbuild@0.21.5 OK for: vite@5.4.21 want: ^0.21.3
115 silly placeDep ROOT fsevents@2.3.3 OK for: vite@5.4.21 want: ~2.3.3
116 silly placeDep ROOT postcss@8.5.8 OK for: vite@5.4.21 want: ^8.4.43
117 silly placeDep ROOT rollup@4.59.0 OK for: vite@5.4.21 want: ^4.20.0
118 silly fetch manifest @esbuild/aix-ppc64@0.21.5
119 silly packumentCache full:https://registry.npmjs.org/@esbuild%2faix-ppc64 cache-miss
120 silly fetch manifest @esbuild/linux-arm@0.21.5
121 silly packumentCache full:https://registry.npmjs.org/@esbuild%2flinux-arm cache-miss
122 silly fetch manifest @esbuild/linux-x64@0.21.5
123 silly packumentCache full:https://registry.npmjs.org/@esbuild%2flinux-x64 cache-miss
124 silly fetch manifest @esbuild/sunos-x64@0.21.5
125 silly packumentCache full:https://registry.npmjs.org/@esbuild%2fsunos-x64 cache-miss
126 silly fetch manifest @esbuild/win32-x64@0.21.5
127 silly packumentCache full:https://registry.npmjs.org/@esbuild%2fwin32-x64 cache-miss
128 silly fetch manifest @esbuild/darwin-x64@0.21.5
129 silly packumentCache full:https://registry.npmjs.org/@esbuild%2fdarwin-x64 cache-miss
130 silly fetch manifest @esbuild/linux-ia32@0.21.5
131 silly packumentCache full:https://registry.npmjs.org/@esbuild%2flinux-ia32 cache-miss
132 silly fetch manifest @esbuild/netbsd-x64@0.21.5
133 silly packumentCache full:https://registry.npmjs.org/@esbuild%2fnetbsd-x64 cache-miss
134 silly fetch manifest @esbuild/win32-ia32@0.21.5
135 silly packumentCache full:https://registry.npmjs.org/@esbuild%2fwin32-ia32 cache-miss
136 silly fetch manifest @esbuild/android-arm@0.21.5
137 silly packumentCache full:https://registry.npmjs.org/@esbuild%2fandroid-arm cache-miss
138 silly fetch manifest @esbuild/android-x64@0.21.5
139 silly packumentCache full:https://registry.npmjs.org/@esbuild%2fandroid-x64 cache-miss
140 http fetch GET 200 https://registry.npmjs.org/@esbuild%2fwin32-ia32 284ms (cache miss)
141 silly packumentCache full:https://registry.npmjs.org/@esbuild%2fwin32-ia32 set size:undefined disposed:false
142 silly fetch manifest @esbuild/freebsd-x64@0.21.5
143 silly packumentCache full:https://registry.npmjs.org/@esbuild%2ffreebsd-x64 cache-miss
144 http fetch GET 200 https://registry.npmjs.org/@esbuild%2faix-ppc64 360ms (cache miss)
145 silly packumentCache full:https://registry.npmjs.org/@esbuild%2faix-ppc64 set size:undefined disposed:false
146 silly fetch manifest @esbuild/linux-arm64@0.21.5
147 silly packumentCache full:https://registry.npmjs.org/@esbuild%2flinux-arm64 cache-miss
148 http fetch GET 200 https://registry.npmjs.org/@esbuild%2fsunos-x64 446ms (cache miss)
149 silly packumentCache full:https://registry.npmjs.org/@esbuild%2fsunos-x64 set size:undefined disposed:false
150 silly fetch manifest @esbuild/linux-ppc64@0.21.5
151 silly packumentCache full:https://registry.npmjs.org/@esbuild%2flinux-ppc64 cache-miss
152 http fetch GET 200 https://registry.npmjs.org/@esbuild%2fwin32-x64 629ms (cache miss)
153 silly packumentCache full:https://registry.npmjs.org/@esbuild%2fwin32-x64 set size:undefined disposed:false
154 silly fetch manifest @esbuild/linux-s390x@0.21.5
155 silly packumentCache full:https://registry.npmjs.org/@esbuild%2flinux-s390x cache-miss
156 http fetch GET 200 https://registry.npmjs.org/@esbuild%2flinux-arm 921ms (cache miss)
157 silly packumentCache full:https://registry.npmjs.org/@esbuild%2flinux-arm set size:undefined disposed:false
158 silly fetch manifest @esbuild/openbsd-x64@0.21.5
159 silly packumentCache full:https://registry.npmjs.org/@esbuild%2fopenbsd-x64 cache-miss
160 http fetch GET 200 https://registry.npmjs.org/@esbuild%2flinux-x64 957ms (cache miss)
161 silly packumentCache full:https://registry.npmjs.org/@esbuild%2flinux-x64 set size:undefined disposed:false
162 silly fetch manifest @esbuild/win32-arm64@0.21.5
163 silly packumentCache full:https://registry.npmjs.org/@esbuild%2fwin32-arm64 cache-miss
164 http fetch GET 200 https://registry.npmjs.org/@esbuild%2fnetbsd-x64 1449ms (cache miss)
165 silly packumentCache full:https://registry.npmjs.org/@esbuild%2fnetbsd-x64 set size:undefined disposed:false
166 silly fetch manifest @esbuild/darwin-arm64@0.21.5
167 silly packumentCache full:https://registry.npmjs.org/@esbuild%2fdarwin-arm64 cache-miss
168 http fetch GET 200 https://registry.npmjs.org/@esbuild%2fopenbsd-x64 701ms (cache miss)
169 silly packumentCache full:https://registry.npmjs.org/@esbuild%2fopenbsd-x64 set size:undefined disposed:false
170 silly fetch manifest @esbuild/android-arm64@0.21.5
171 silly packumentCache full:https://registry.npmjs.org/@esbuild%2fandroid-arm64 cache-miss
172 http fetch GET 200 https://registry.npmjs.org/@esbuild%2ffreebsd-x64 1397ms (cache miss)
173 silly packumentCache full:https://registry.npmjs.org/@esbuild%2ffreebsd-x64 set size:undefined disposed:false
174 silly fetch manifest @esbuild/freebsd-arm64@0.21.5
175 silly packumentCache full:https://registry.npmjs.org/@esbuild%2ffreebsd-arm64 cache-miss
176 http fetch GET 200 https://registry.npmjs.org/@esbuild%2flinux-ia32 1842ms (cache miss)
177 silly packumentCache full:https://registry.npmjs.org/@esbuild%2flinux-ia32 set size:undefined disposed:false
178 silly fetch manifest @esbuild/linux-loong64@0.21.5
179 silly packumentCache full:https://registry.npmjs.org/@esbuild%2flinux-loong64 cache-miss
180 http fetch GET 200 https://registry.npmjs.org/@esbuild%2flinux-arm64 1486ms (cache miss)
181 silly packumentCache full:https://registry.npmjs.org/@esbuild%2flinux-arm64 set size:undefined disposed:false
182 silly fetch manifest @esbuild/linux-riscv64@0.21.5
183 silly packumentCache full:https://registry.npmjs.org/@esbuild%2flinux-riscv64 cache-miss
184 http fetch GET 200 https://registry.npmjs.org/@esbuild%2fandroid-arm 1990ms (cache miss)
185 silly packumentCache full:https://registry.npmjs.org/@esbuild%2fandroid-arm set size:undefined disposed:false
186 silly fetch manifest @esbuild/linux-mips64el@0.21.5
187 silly packumentCache full:https://registry.npmjs.org/@esbuild%2flinux-mips64el cache-miss
188 http fetch GET 200 https://registry.npmjs.org/@esbuild%2fandroid-x64 2033ms (cache miss)
189 silly packumentCache full:https://registry.npmjs.org/@esbuild%2fandroid-x64 set size:undefined disposed:false
190 silly fetch manifest nanoid@^3.3.11
191 silly packumentCache full:https://registry.npmjs.org/nanoid cache-miss
192 http fetch GET 200 https://registry.npmjs.org/@esbuild%2flinux-s390x 1406ms (cache miss)
193 silly packumentCache full:https://registry.npmjs.org/@esbuild%2flinux-s390x set size:undefined disposed:false
194 silly fetch manifest picocolors@^1.1.1
195 silly packumentCache full:https://registry.npmjs.org/picocolors cache-miss
196 http fetch GET 200 https://registry.npmjs.org/@esbuild%2fandroid-arm64 543ms (cache miss)
197 silly packumentCache full:https://registry.npmjs.org/@esbuild%2fandroid-arm64 set size:undefined disposed:false
198 silly fetch manifest source-map-js@^1.2.1
199 silly packumentCache full:https://registry.npmjs.org/source-map-js cache-miss
200 http fetch GET 200 https://registry.npmjs.org/@esbuild%2fwin32-arm64 1248ms (cache miss)
201 silly packumentCache full:https://registry.npmjs.org/@esbuild%2fwin32-arm64 set size:undefined disposed:false
202 silly fetch manifest @types/estree@1.0.8
203 silly packumentCache full:https://registry.npmjs.org/@types%2festree cache-miss
204 http fetch GET 200 https://registry.npmjs.org/@esbuild%2ffreebsd-arm64 579ms (cache miss)
205 silly packumentCache full:https://registry.npmjs.org/@esbuild%2ffreebsd-arm64 set size:undefined disposed:false
206 silly fetch manifest @rollup/rollup-darwin-arm64@4.59.0
207 silly packumentCache full:https://registry.npmjs.org/@rollup%2frollup-darwin-arm64 cache-miss
208 http fetch GET 200 https://registry.npmjs.org/@esbuild%2flinux-ppc64 1828ms (cache miss)
209 silly packumentCache full:https://registry.npmjs.org/@esbuild%2flinux-ppc64 set size:undefined disposed:false
210 silly fetch manifest @rollup/rollup-android-arm64@4.59.0
211 silly packumentCache full:https://registry.npmjs.org/@rollup%2frollup-android-arm64 cache-miss
212 http fetch GET 200 https://registry.npmjs.org/@esbuild%2flinux-riscv64 584ms (cache miss)
213 silly packumentCache full:https://registry.npmjs.org/@esbuild%2flinux-riscv64 set size:undefined disposed:false
214 silly fetch manifest @rollup/rollup-win32-arm64-msvc@4.59.0
215 silly packumentCache full:https://registry.npmjs.org/@rollup%2frollup-win32-arm64-msvc cache-miss
216 http fetch GET 200 https://registry.npmjs.org/@esbuild%2fdarwin-arm64 1014ms (cache miss)
217 silly packumentCache full:https://registry.npmjs.org/@esbuild%2fdarwin-arm64 set size:undefined disposed:false
218 silly fetch manifest @rollup/rollup-freebsd-arm64@4.59.0
219 silly packumentCache full:https://registry.npmjs.org/@rollup%2frollup-freebsd-arm64 cache-miss
220 http fetch GET 200 https://registry.npmjs.org/picocolors 449ms (cache miss)
221 silly packumentCache full:https://registry.npmjs.org/picocolors set size:undefined disposed:false
222 silly fetch manifest @rollup/rollup-linux-arm64-gnu@4.59.0
223 silly packumentCache full:https://registry.npmjs.org/@rollup%2frollup-linux-arm64-gnu cache-miss
224 http fetch GET 200 https://registry.npmjs.org/@esbuild%2flinux-mips64el 637ms (cache miss)
225 silly packumentCache full:https://registry.npmjs.org/@esbuild%2flinux-mips64el set size:undefined disposed:false
226 silly fetch manifest @rollup/rollup-linux-arm64-musl@4.59.0
227 silly packumentCache full:https://registry.npmjs.org/@rollup%2frollup-linux-arm64-musl cache-miss
228 http fetch GET 200 https://registry.npmjs.org/@esbuild%2fdarwin-x64 2631ms (cache miss)
229 silly packumentCache full:https://registry.npmjs.org/@esbuild%2fdarwin-x64 set size:undefined disposed:false
230 silly fetch manifest @rollup/rollup-android-arm-eabi@4.59.0
231 silly packumentCache full:https://registry.npmjs.org/@rollup%2frollup-android-arm-eabi cache-miss
232 http fetch GET 200 https://registry.npmjs.org/source-map-js 490ms (cache miss)
233 silly packumentCache full:https://registry.npmjs.org/source-map-js set size:undefined disposed:false
234 silly fetch manifest @rollup/rollup-linux-arm-gnueabihf@4.59.0
235 silly packumentCache full:https://registry.npmjs.org/@rollup%2frollup-linux-arm-gnueabihf cache-miss
236 http fetch GET 200 https://registry.npmjs.org/@types%2festree 479ms (cache miss)
237 silly packumentCache full:https://registry.npmjs.org/@types%2festree set size:undefined disposed:false
238 silly fetch manifest @rollup/rollup-linux-arm-musleabihf@4.59.0
239 silly packumentCache full:https://registry.npmjs.org/@rollup%2frollup-linux-arm-musleabihf cache-miss
240 http fetch GET 200 https://registry.npmjs.org/@rollup%2frollup-darwin-arm64 550ms (cache miss)
241 silly packumentCache full:https://registry.npmjs.org/@rollup%2frollup-darwin-arm64 set size:undefined disposed:false
242 silly fetch manifest @rollup/rollup-win32-ia32-msvc@4.59.0
243 silly packumentCache full:https://registry.npmjs.org/@rollup%2frollup-win32-ia32-msvc cache-miss
244 http fetch GET 200 https://registry.npmjs.org/nanoid 810ms (cache miss)
245 silly packumentCache full:https://registry.npmjs.org/nanoid set size:undefined disposed:false
246 silly fetch manifest @rollup/rollup-linux-loong64-gnu@4.59.0
247 silly packumentCache full:https://registry.npmjs.org/@rollup%2frollup-linux-loong64-gnu cache-miss
248 http fetch GET 200 https://registry.npmjs.org/@rollup%2frollup-linux-loong64-gnu 1240ms (cache miss)
249 silly packumentCache full:https://registry.npmjs.org/@rollup%2frollup-linux-loong64-gnu set size:undefined disposed:false
250 silly fetch manifest @rollup/rollup-linux-loong64-musl@4.59.0
251 silly packumentCache full:https://registry.npmjs.org/@rollup%2frollup-linux-loong64-musl cache-miss
252 http fetch GET 200 https://registry.npmjs.org/@rollup%2frollup-linux-arm-musleabihf 1538ms (cache miss)
253 silly packumentCache full:https://registry.npmjs.org/@rollup%2frollup-linux-arm-musleabihf set size:undefined disposed:false
254 silly fetch manifest @rollup/rollup-linux-riscv64-gnu@4.59.0
255 silly packumentCache full:https://registry.npmjs.org/@rollup%2frollup-linux-riscv64-gnu cache-miss
256 http fetch GET 200 https://registry.npmjs.org/@rollup%2frollup-win32-ia32-msvc 1555ms (cache miss)
257 silly packumentCache full:https://registry.npmjs.org/@rollup%2frollup-win32-ia32-msvc set size:undefined disposed:false
258 silly fetch manifest @rollup/rollup-linux-riscv64-musl@4.59.0
259 silly packumentCache full:https://registry.npmjs.org/@rollup%2frollup-linux-riscv64-musl cache-miss
260 http fetch GET 200 https://registry.npmjs.org/@esbuild%2flinux-loong64 2756ms (cache miss)
261 silly packumentCache full:https://registry.npmjs.org/@esbuild%2flinux-loong64 set size:undefined disposed:false
262 silly fetch manifest @rollup/rollup-linux-ppc64-gnu@4.59.0
263 silly packumentCache full:https://registry.npmjs.org/@rollup%2frollup-linux-ppc64-gnu cache-miss
264 http fetch GET 200 https://registry.npmjs.org/@rollup%2frollup-linux-riscv64-gnu 466ms (cache miss)
265 silly packumentCache full:https://registry.npmjs.org/@rollup%2frollup-linux-riscv64-gnu set size:undefined disposed:false
266 silly fetch manifest @rollup/rollup-linux-ppc64-musl@4.59.0
267 silly packumentCache full:https://registry.npmjs.org/@rollup%2frollup-linux-ppc64-musl cache-miss
268 http fetch GET 200 https://registry.npmjs.org/@rollup%2frollup-linux-loong64-musl 634ms (cache miss)
269 silly packumentCache full:https://registry.npmjs.org/@rollup%2frollup-linux-loong64-musl set size:undefined disposed:false
270 silly fetch manifest @rollup/rollup-linux-s390x-gnu@4.59.0
271 silly packumentCache full:https://registry.npmjs.org/@rollup%2frollup-linux-s390x-gnu cache-miss
272 http fetch GET 200 https://registry.npmjs.org/@rollup%2frollup-linux-riscv64-musl 434ms (cache miss)
273 silly packumentCache full:https://registry.npmjs.org/@rollup%2frollup-linux-riscv64-musl set size:undefined disposed:false
274 silly fetch manifest @rollup/rollup-darwin-x64@4.59.0
275 silly packumentCache full:https://registry.npmjs.org/@rollup%2frollup-darwin-x64 cache-miss
276 http fetch GET 200 https://registry.npmjs.org/@rollup%2frollup-linux-ppc64-musl 262ms (cache miss)
277 silly packumentCache full:https://registry.npmjs.org/@rollup%2frollup-linux-ppc64-musl set size:undefined disposed:false
278 silly fetch manifest @rollup/rollup-win32-x64-gnu@4.59.0
279 silly packumentCache full:https://registry.npmjs.org/@rollup%2frollup-win32-x64-gnu cache-miss
280 http fetch GET 200 https://registry.npmjs.org/@rollup%2frollup-linux-ppc64-gnu 627ms (cache miss)
281 silly packumentCache full:https://registry.npmjs.org/@rollup%2frollup-linux-ppc64-gnu set size:undefined disposed:false
282 silly fetch manifest @rollup/rollup-win32-x64-msvc@4.59.0
283 silly packumentCache full:https://registry.npmjs.org/@rollup%2frollup-win32-x64-msvc cache-miss
284 http fetch GET 200 https://registry.npmjs.org/@rollup%2frollup-win32-x64-gnu 424ms (cache miss)
285 silly packumentCache full:https://registry.npmjs.org/@rollup%2frollup-win32-x64-gnu set size:undefined disposed:false
286 silly fetch manifest @rollup/rollup-freebsd-x64@4.59.0
287 silly packumentCache full:https://registry.npmjs.org/@rollup%2frollup-freebsd-x64 cache-miss
288 http fetch GET 200 https://registry.npmjs.org/@rollup%2frollup-darwin-x64 816ms (cache miss)
289 silly packumentCache full:https://registry.npmjs.org/@rollup%2frollup-darwin-x64 set size:undefined disposed:false
290 silly fetch manifest @rollup/rollup-linux-x64-gnu@4.59.0
291 silly packumentCache full:https://registry.npmjs.org/@rollup%2frollup-linux-x64-gnu cache-miss
292 http fetch GET 200 https://registry.npmjs.org/@rollup%2frollup-android-arm-eabi 3127ms (cache miss)
293 silly packumentCache full:https://registry.npmjs.org/@rollup%2frollup-android-arm-eabi set size:undefined disposed:false
294 silly fetch manifest @rollup/rollup-linux-x64-musl@4.59.0
295 silly packumentCache full:https://registry.npmjs.org/@rollup%2frollup-linux-x64-musl cache-miss
296 http fetch GET 200 https://registry.npmjs.org/@rollup%2frollup-linux-s390x-gnu 1115ms (cache miss)
297 silly packumentCache full:https://registry.npmjs.org/@rollup%2frollup-linux-s390x-gnu set size:undefined disposed:false
298 silly fetch manifest @rollup/rollup-openbsd-x64@4.59.0
299 silly packumentCache full:https://registry.npmjs.org/@rollup%2frollup-openbsd-x64 cache-miss
300 http fetch GET 200 https://registry.npmjs.org/@rollup%2frollup-freebsd-x64 540ms (cache miss)
301 silly packumentCache full:https://registry.npmjs.org/@rollup%2frollup-freebsd-x64 set size:undefined disposed:false
302 silly fetch manifest @rollup/rollup-openharmony-arm64@4.59.0
303 silly packumentCache full:https://registry.npmjs.org/@rollup%2frollup-openharmony-arm64 cache-miss
304 http fetch GET 200 https://registry.npmjs.org/@rollup%2frollup-linux-arm64-musl 3323ms (cache miss)
305 silly packumentCache full:https://registry.npmjs.org/@rollup%2frollup-linux-arm64-musl set size:undefined disposed:false
306 http fetch GET 200 https://registry.npmjs.org/@rollup%2frollup-linux-arm64-gnu 3520ms (cache miss)
307 silly packumentCache full:https://registry.npmjs.org/@rollup%2frollup-linux-arm64-gnu set size:undefined disposed:false
308 http fetch GET 200 https://registry.npmjs.org/@rollup%2frollup-linux-x64-gnu 463ms (cache miss)
309 silly packumentCache full:https://registry.npmjs.org/@rollup%2frollup-linux-x64-gnu set size:undefined disposed:false
310 http fetch GET 200 https://registry.npmjs.org/@rollup%2frollup-freebsd-arm64 3650ms (cache miss)
311 silly packumentCache full:https://registry.npmjs.org/@rollup%2frollup-freebsd-arm64 set size:undefined disposed:false
312 http fetch GET 200 https://registry.npmjs.org/@rollup%2frollup-linux-x64-musl 527ms (cache miss)
313 silly packumentCache full:https://registry.npmjs.org/@rollup%2frollup-linux-x64-musl set size:undefined disposed:false
314 http fetch GET 200 https://registry.npmjs.org/@rollup%2frollup-openbsd-x64 514ms (cache miss)
315 silly packumentCache full:https://registry.npmjs.org/@rollup%2frollup-openbsd-x64 set size:undefined disposed:false
316 http fetch GET 200 https://registry.npmjs.org/@rollup%2frollup-win32-x64-msvc 1178ms (cache miss)
317 silly packumentCache full:https://registry.npmjs.org/@rollup%2frollup-win32-x64-msvc set size:undefined disposed:false
318 http fetch GET 200 https://registry.npmjs.org/@rollup%2frollup-linux-arm-gnueabihf 3936ms (cache miss)
319 silly packumentCache full:https://registry.npmjs.org/@rollup%2frollup-linux-arm-gnueabihf set size:undefined disposed:false
320 http fetch GET 200 https://registry.npmjs.org/@rollup%2frollup-win32-arm64-msvc 4270ms (cache miss)
321 silly packumentCache full:https://registry.npmjs.org/@rollup%2frollup-win32-arm64-msvc set size:undefined disposed:false
322 http fetch GET 200 https://registry.npmjs.org/@rollup%2frollup-openharmony-arm64 940ms (cache miss)
323 silly packumentCache full:https://registry.npmjs.org/@rollup%2frollup-openharmony-arm64 set size:undefined disposed:false
324 http fetch GET 200 https://registry.npmjs.org/@rollup%2frollup-android-arm64 4594ms (cache miss)
325 silly packumentCache full:https://registry.npmjs.org/@rollup%2frollup-android-arm64 set size:undefined disposed:false
326 silly placeDep ROOT @esbuild/aix-ppc64@0.21.5 OK for: esbuild@0.21.5 want: 0.21.5
327 silly placeDep ROOT @esbuild/android-arm@0.21.5 OK for: esbuild@0.21.5 want: 0.21.5
328 silly placeDep ROOT @esbuild/android-arm64@0.21.5 OK for: esbuild@0.21.5 want: 0.21.5
329 silly placeDep ROOT @esbuild/android-x64@0.21.5 OK for: esbuild@0.21.5 want: 0.21.5
330 silly placeDep ROOT @esbuild/darwin-arm64@0.21.5 OK for: esbuild@0.21.5 want: 0.21.5
331 silly placeDep ROOT @esbuild/darwin-x64@0.21.5 OK for: esbuild@0.21.5 want: 0.21.5
332 silly placeDep ROOT @esbuild/freebsd-arm64@0.21.5 OK for: esbuild@0.21.5 want: 0.21.5
333 silly placeDep ROOT @esbuild/freebsd-x64@0.21.5 OK for: esbuild@0.21.5 want: 0.21.5
334 silly placeDep ROOT @esbuild/linux-arm@0.21.5 OK for: esbuild@0.21.5 want: 0.21.5
335 silly placeDep ROOT @esbuild/linux-arm64@0.21.5 OK for: esbuild@0.21.5 want: 0.21.5
336 silly placeDep ROOT @esbuild/linux-ia32@0.21.5 OK for: esbuild@0.21.5 want: 0.21.5
337 silly placeDep ROOT @esbuild/linux-loong64@0.21.5 OK for: esbuild@0.21.5 want: 0.21.5
338 silly placeDep ROOT @esbuild/linux-mips64el@0.21.5 OK for: esbuild@0.21.5 want: 0.21.5
339 silly placeDep ROOT @esbuild/linux-ppc64@0.21.5 OK for: esbuild@0.21.5 want: 0.21.5
340 silly placeDep ROOT @esbuild/linux-riscv64@0.21.5 OK for: esbuild@0.21.5 want: 0.21.5
341 silly placeDep ROOT @esbuild/linux-s390x@0.21.5 OK for: esbuild@0.21.5 want: 0.21.5
342 silly placeDep ROOT @esbuild/linux-x64@0.21.5 OK for: esbuild@0.21.5 want: 0.21.5
343 silly placeDep ROOT @esbuild/netbsd-x64@0.21.5 OK for: esbuild@0.21.5 want: 0.21.5
344 silly placeDep ROOT @esbuild/openbsd-x64@0.21.5 OK for: esbuild@0.21.5 want: 0.21.5
345 silly placeDep ROOT @esbuild/sunos-x64@0.21.5 OK for: esbuild@0.21.5 want: 0.21.5
346 silly placeDep ROOT @esbuild/win32-arm64@0.21.5 OK for: esbuild@0.21.5 want: 0.21.5
347 silly placeDep ROOT @esbuild/win32-ia32@0.21.5 OK for: esbuild@0.21.5 want: 0.21.5
348 silly placeDep ROOT @esbuild/win32-x64@0.21.5 OK for: esbuild@0.21.5 want: 0.21.5
349 silly placeDep ROOT nanoid@3.3.11 OK for: postcss@8.5.8 want: ^3.3.11
350 silly placeDep ROOT picocolors@1.1.1 OK for: postcss@8.5.8 want: ^1.1.1
351 silly placeDep ROOT source-map-js@1.2.1 OK for: postcss@8.5.8 want: ^1.2.1
352 silly placeDep ROOT @rollup/rollup-android-arm-eabi@4.59.0 OK for: rollup@4.59.0 want: 4.59.0
353 silly placeDep ROOT @rollup/rollup-android-arm64@4.59.0 OK for: rollup@4.59.0 want: 4.59.0
354 silly placeDep ROOT @rollup/rollup-darwin-arm64@4.59.0 OK for: rollup@4.59.0 want: 4.59.0
355 silly placeDep ROOT @rollup/rollup-darwin-x64@4.59.0 OK for: rollup@4.59.0 want: 4.59.0
356 silly placeDep ROOT @rollup/rollup-freebsd-arm64@4.59.0 OK for: rollup@4.59.0 want: 4.59.0
357 silly placeDep ROOT @rollup/rollup-freebsd-x64@4.59.0 OK for: rollup@4.59.0 want: 4.59.0
358 silly placeDep ROOT @rollup/rollup-linux-arm-gnueabihf@4.59.0 OK for: rollup@4.59.0 want: 4.59.0
359 silly placeDep ROOT @rollup/rollup-linux-arm-musleabihf@4.59.0 OK for: rollup@4.59.0 want: 4.59.0
360 silly placeDep ROOT @rollup/rollup-linux-arm64-gnu@4.59.0 OK for: rollup@4.59.0 want: 4.59.0
361 silly placeDep ROOT @rollup/rollup-linux-arm64-musl@4.59.0 OK for: rollup@4.59.0 want: 4.59.0
362 silly placeDep ROOT @rollup/rollup-linux-loong64-gnu@4.59.0 OK for: rollup@4.59.0 want: 4.59.0
363 silly placeDep ROOT @rollup/rollup-linux-loong64-musl@4.59.0 OK for: rollup@4.59.0 want: 4.59.0
364 silly placeDep ROOT @rollup/rollup-linux-ppc64-gnu@4.59.0 OK for: rollup@4.59.0 want: 4.59.0
365 silly placeDep ROOT @rollup/rollup-linux-ppc64-musl@4.59.0 OK for: rollup@4.59.0 want: 4.59.0
366 silly placeDep ROOT @rollup/rollup-linux-riscv64-gnu@4.59.0 OK for: rollup@4.59.0 want: 4.59.0
367 silly placeDep ROOT @rollup/rollup-linux-riscv64-musl@4.59.0 OK for: rollup@4.59.0 want: 4.59.0
368 silly placeDep ROOT @rollup/rollup-linux-s390x-gnu@4.59.0 OK for: rollup@4.59.0 want: 4.59.0
369 silly placeDep ROOT @rollup/rollup-linux-x64-gnu@4.59.0 OK for: rollup@4.59.0 want: 4.59.0
370 silly placeDep ROOT @rollup/rollup-linux-x64-musl@4.59.0 OK for: rollup@4.59.0 want: 4.59.0
371 silly placeDep ROOT @rollup/rollup-openbsd-x64@4.59.0 OK for: rollup@4.59.0 want: 4.59.0
372 silly placeDep ROOT @rollup/rollup-openharmony-arm64@4.59.0 OK for: rollup@4.59.0 want: 4.59.0
373 silly placeDep ROOT @rollup/rollup-win32-arm64-msvc@4.59.0 OK for: rollup@4.59.0 want: 4.59.0
374 silly placeDep ROOT @rollup/rollup-win32-ia32-msvc@4.59.0 OK for: rollup@4.59.0 want: 4.59.0
375 silly placeDep ROOT @rollup/rollup-win32-x64-gnu@4.59.0 OK for: rollup@4.59.0 want: 4.59.0
376 silly placeDep ROOT @rollup/rollup-win32-x64-msvc@4.59.0 OK for: rollup@4.59.0 want: 4.59.0
377 silly placeDep ROOT @types/estree@1.0.8 OK for: rollup@4.59.0 want: 1.0.8
378 silly fetch manifest vue@3.5.29
379 silly packumentCache full:https://registry.npmjs.org/vue cache-miss
380 http cache https://registry.npmjs.org/vue 9ms (cache hit)
381 silly packumentCache full:https://registry.npmjs.org/vue set size:2001333 disposed:false
382 silly placeDep ROOT @vue/compiler-dom@3.5.29 OK for: vue@3.5.29 want: 3.5.29
383 silly placeDep ROOT @vue/compiler-sfc@3.5.29 OK for: vue@3.5.29 want: 3.5.29
384 silly placeDep ROOT @vue/runtime-dom@3.5.29 OK for: vue@3.5.29 want: 3.5.29
385 silly placeDep ROOT @vue/server-renderer@3.5.29 OK for: vue@3.5.29 want: 3.5.29
386 silly placeDep ROOT @vue/shared@3.5.29 OK for: vue@3.5.29 want: 3.5.29
387 silly fetch manifest @vue/compiler-core@3.5.29
388 silly packumentCache full:https://registry.npmjs.org/@vue%2fcompiler-core cache-miss
389 silly fetch manifest magic-string@^0.30.21
390 silly packumentCache full:https://registry.npmjs.org/magic-string cache-miss
391 silly fetch manifest @babel/parser@^7.29.0
392 silly packumentCache full:https://registry.npmjs.org/@babel%2fparser cache-miss
393 silly fetch manifest estree-walker@^2.0.2
394 silly packumentCache full:https://registry.npmjs.org/estree-walker cache-miss
395 silly fetch manifest @vue/compiler-ssr@3.5.29
396 silly packumentCache full:https://registry.npmjs.org/@vue%2fcompiler-ssr cache-miss
397 silly fetch manifest @vue/compiler-core@3.5.29
398 silly packumentCache full:https://registry.npmjs.org/@vue%2fcompiler-core cache-miss
399 silly fetch manifest csstype@^3.2.3
400 silly packumentCache full:https://registry.npmjs.org/csstype cache-miss
401 silly fetch manifest @vue/reactivity@3.5.29
402 silly packumentCache full:https://registry.npmjs.org/@vue%2freactivity cache-miss
403 silly fetch manifest @vue/runtime-core@3.5.29
404 silly packumentCache full:https://registry.npmjs.org/@vue%2fruntime-core cache-miss
405 silly fetch manifest @vue/compiler-ssr@3.5.29
406 silly packumentCache full:https://registry.npmjs.org/@vue%2fcompiler-ssr cache-miss
407 http fetch GET 200 https://registry.npmjs.org/magic-string 352ms (cache miss)
408 silly packumentCache full:https://registry.npmjs.org/magic-string set size:undefined disposed:false
409 http fetch GET 200 https://registry.npmjs.org/estree-walker 449ms (cache miss)
410 silly packumentCache full:https://registry.npmjs.org/estree-walker set size:undefined disposed:false
411 http fetch GET 200 https://registry.npmjs.org/@babel%2fparser 757ms (cache miss)
412 silly packumentCache full:https://registry.npmjs.org/@babel%2fparser set size:undefined disposed:false
413 http fetch GET 200 https://registry.npmjs.org/@vue%2fcompiler-core 2053ms (cache miss)
414 silly packumentCache full:https://registry.npmjs.org/@vue%2fcompiler-core set size:undefined disposed:false
415 http fetch GET 200 https://registry.npmjs.org/@vue%2fcompiler-core 2074ms (cache miss)
416 silly packumentCache full:https://registry.npmjs.org/@vue%2fcompiler-core set size:undefined disposed:false
417 http fetch GET 200 https://registry.npmjs.org/csstype 2083ms (cache miss)
418 silly packumentCache full:https://registry.npmjs.org/csstype set size:undefined disposed:false
419 http fetch GET 200 https://registry.npmjs.org/@vue%2fcompiler-ssr 2087ms (cache miss)
420 silly packumentCache full:https://registry.npmjs.org/@vue%2fcompiler-ssr set size:undefined disposed:false
421 http fetch GET 200 https://registry.npmjs.org/@vue%2freactivity 2170ms (cache miss)
422 silly packumentCache full:https://registry.npmjs.org/@vue%2freactivity set size:undefined disposed:false
423 http fetch GET 200 https://registry.npmjs.org/@vue%2fcompiler-ssr 2173ms (cache miss)
424 silly packumentCache full:https://registry.npmjs.org/@vue%2fcompiler-ssr set size:undefined disposed:false
425 http fetch GET 200 https://registry.npmjs.org/@vue%2fruntime-core 2328ms (cache miss)
426 silly packumentCache full:https://registry.npmjs.org/@vue%2fruntime-core set size:undefined disposed:false
427 silly placeDep ROOT @vue/compiler-core@3.5.29 OK for: @vue/compiler-dom@3.5.29 want: 3.5.29
428 silly fetch manifest entities@^7.0.1
429 silly packumentCache full:https://registry.npmjs.org/entities cache-miss
430 http fetch GET 200 https://registry.npmjs.org/entities 480ms (cache miss)
431 silly packumentCache full:https://registry.npmjs.org/entities set size:undefined disposed:false
432 silly placeDep ROOT @babel/parser@7.29.0 OK for: @vue/compiler-core@3.5.29 want: ^7.29.0
433 silly placeDep ROOT entities@7.0.1 OK for: @vue/compiler-core@3.5.29 want: ^7.0.1
434 silly placeDep ROOT estree-walker@2.0.2 OK for: @vue/compiler-core@3.5.29 want: ^2.0.2
435 silly fetch manifest @babel/types@^7.29.0
436 silly packumentCache full:https://registry.npmjs.org/@babel%2ftypes cache-miss
437 http fetch GET 200 https://registry.npmjs.org/@babel%2ftypes 845ms (cache miss)
438 silly packumentCache full:https://registry.npmjs.org/@babel%2ftypes set size:undefined disposed:false
439 silly placeDep ROOT @babel/types@7.29.0 OK for: @babel/parser@7.29.0 want: ^7.29.0
440 silly fetch manifest @babel/helper-string-parser@^7.27.1
441 silly packumentCache full:https://registry.npmjs.org/@babel%2fhelper-string-parser cache-miss
442 silly fetch manifest @babel/helper-validator-identifier@^7.28.5
443 silly packumentCache full:https://registry.npmjs.org/@babel%2fhelper-validator-identifier cache-miss
444 http fetch GET 200 https://registry.npmjs.org/@babel%2fhelper-validator-identifier 249ms (cache miss)
445 silly packumentCache full:https://registry.npmjs.org/@babel%2fhelper-validator-identifier set size:undefined disposed:false
446 http fetch GET 200 https://registry.npmjs.org/@babel%2fhelper-string-parser 416ms (cache miss)
447 silly packumentCache full:https://registry.npmjs.org/@babel%2fhelper-string-parser set size:undefined disposed:false
448 silly placeDep ROOT @babel/helper-string-parser@7.27.1 OK for: @babel/types@7.29.0 want: ^7.27.1
449 silly placeDep ROOT @babel/helper-validator-identifier@7.28.5 OK for: @babel/types@7.29.0 want: ^7.28.5
450 silly placeDep ROOT @vue/compiler-ssr@3.5.29 OK for: @vue/compiler-sfc@3.5.29 want: 3.5.29
451 silly placeDep ROOT magic-string@0.30.21 OK for: @vue/compiler-sfc@3.5.29 want: ^0.30.21
452 silly fetch manifest @jridgewell/sourcemap-codec@^1.5.5
453 silly packumentCache full:https://registry.npmjs.org/@jridgewell%2fsourcemap-codec cache-miss
454 http fetch GET 200 https://registry.npmjs.org/@jridgewell%2fsourcemap-codec 221ms (cache miss)
455 silly packumentCache full:https://registry.npmjs.org/@jridgewell%2fsourcemap-codec set size:undefined disposed:false
456 silly placeDep ROOT @vue/reactivity@3.5.29 OK for: @vue/runtime-dom@3.5.29 want: 3.5.29
457 silly placeDep ROOT @vue/runtime-core@3.5.29 OK for: @vue/runtime-dom@3.5.29 want: 3.5.29
458 silly placeDep ROOT csstype@3.2.3 OK for: @vue/runtime-dom@3.5.29 want: ^3.2.3
459 silly placeDep ROOT @jridgewell/sourcemap-codec@1.5.5 OK for: magic-string@0.30.21 want: ^1.5.5
460 silly placeDep ROOT @vue/devtools-api@6.6.4 OK for: vue-router@4.6.4 want: ^6.6.4
461 silly reify mark retired [ 'F:\\Portfolio\\node_modules\\@napi-rs\\canvas' ]
462 silly reify mark retired [ 'F:\\Portfolio\\node_modules\\@napi-rs\\canvas-win32-x64-msvc' ]
463 silly reify mark retired [
463 silly reify   'F:\\Portfolio\\node_modules\\pdf-parse',
463 silly reify   'F:\\Portfolio\\node_modules\\.bin\\pdf-parse',
463 silly reify   'F:\\Portfolio\\node_modules\\.bin\\pdf-parse.cmd',
463 silly reify   'F:\\Portfolio\\node_modules\\.bin\\pdf-parse.ps1'
463 silly reify ]
464 silly reify mark retired [ 'F:\\Portfolio\\node_modules\\pdfjs-dist' ]
465 silly reify moves {
465 silly reify   'F:\\Portfolio\\node_modules\\@napi-rs\\canvas': 'F:\\Portfolio\\node_modules\\@napi-rs\\.canvas-ur3H2eDh',
465 silly reify   'F:\\Portfolio\\node_modules\\@napi-rs\\canvas-win32-x64-msvc': 'F:\\Portfolio\\node_modules\\@napi-rs\\.canvas-win32-x64-msvc-6AidNwA1',
465 silly reify   'F:\\Portfolio\\node_modules\\pdf-parse': 'F:\\Portfolio\\node_modules\\.pdf-parse-3JMTMT8N',
465 silly reify   'F:\\Portfolio\\node_modules\\.bin\\pdf-parse': 'F:\\Portfolio\\node_modules\\.bin\\.pdf-parse-rbFktGO7',
465 silly reify   'F:\\Portfolio\\node_modules\\.bin\\pdf-parse.cmd': 'F:\\Portfolio\\node_modules\\.bin\\.pdf-parse.cmd-GpUeqxhT',
465 silly reify   'F:\\Portfolio\\node_modules\\.bin\\pdf-parse.ps1': 'F:\\Portfolio\\node_modules\\.bin\\.pdf-parse.ps1-bCjabFZw',
465 silly reify   'F:\\Portfolio\\node_modules\\pdfjs-dist': 'F:\\Portfolio\\node_modules\\.pdfjs-dist-idfhGcqU'
465 silly reify }
466 silly audit bulk request {
466 silly audit   '@vitejs/plugin-vue': [ '5.2.4' ],
466 silly audit   vue: [ '3.5.29' ],
466 silly audit   vite: [ '5.4.21' ],
466 silly audit   'vue-router': [ '4.6.4' ],
466 silly audit   esbuild: [ '0.21.5' ],
466 silly audit   fsevents: [ '2.3.3' ],
466 silly audit   postcss: [ '8.5.8' ],
466 silly audit   rollup: [ '4.59.0' ],
466 silly audit   '@esbuild/aix-ppc64': [ '0.21.5' ],
466 silly audit   '@esbuild/android-arm': [ '0.21.5' ],
466 silly audit   '@esbuild/android-arm64': [ '0.21.5' ],
466 silly audit   '@esbuild/android-x64': [ '0.21.5' ],
466 silly audit   '@esbuild/darwin-arm64': [ '0.21.5' ],
466 silly audit   '@esbuild/darwin-x64': [ '0.21.5' ],
466 silly audit   '@esbuild/freebsd-arm64': [ '0.21.5' ],
466 silly audit   '@esbuild/freebsd-x64': [ '0.21.5' ],
466 silly audit   '@esbuild/linux-arm': [ '0.21.5' ],
466 silly audit   '@esbuild/linux-arm64': [ '0.21.5' ],
466 silly audit   '@esbuild/linux-ia32': [ '0.21.5' ],
466 silly audit   '@esbuild/linux-loong64': [ '0.21.5' ],
466 silly audit   '@esbuild/linux-mips64el': [ '0.21.5' ],
466 silly audit   '@esbuild/linux-ppc64': [ '0.21.5' ],
466 silly audit   '@esbuild/linux-riscv64': [ '0.21.5' ],
466 silly audit   '@esbuild/linux-s390x': [ '0.21.5' ],
466 silly audit   '@esbuild/linux-x64': [ '0.21.5' ],
466 silly audit   '@esbuild/netbsd-x64': [ '0.21.5' ],
466 silly audit   '@esbuild/openbsd-x64': [ '0.21.5' ],
466 silly audit   '@esbuild/sunos-x64': [ '0.21.5' ],
466 silly audit   '@esbuild/win32-arm64': [ '0.21.5' ],
466 silly audit   '@esbuild/win32-ia32': [ '0.21.5' ],
466 silly audit   '@esbuild/win32-x64': [ '0.21.5' ],
466 silly audit   nanoid: [ '3.3.11' ],
466 silly audit   picocolors: [ '1.1.1' ],
466 silly audit   'source-map-js': [ '1.2.1' ],
466 silly audit   '@rollup/rollup-android-arm-eabi': [ '4.59.0' ],
466 silly audit   '@rollup/rollup-android-arm64': [ '4.59.0' ],
466 silly audit   '@rollup/rollup-darwin-arm64': [ '4.59.0' ],
466 silly audit   '@rollup/rollup-darwin-x64': [ '4.59.0' ],
466 silly audit   '@rollup/rollup-freebsd-arm64': [ '4.59.0' ],
466 silly audit   '@rollup/rollup-freebsd-x64': [ '4.59.0' ],
466 silly audit   '@rollup/rollup-linux-arm-gnueabihf': [ '4.59.0' ],
466 silly audit   '@rollup/rollup-linux-arm-musleabihf': [ '4.59.0' ],
466 silly audit   '@rollup/rollup-linux-arm64-gnu': [ '4.59.0' ],
466 silly audit   '@rollup/rollup-linux-arm64-musl': [ '4.59.0' ],
466 silly audit   '@rollup/rollup-linux-loong64-gnu': [ '4.59.0' ],
466 silly audit   '@rollup/rollup-linux-loong64-musl': [ '4.59.0' ],
466 silly audit   '@rollup/rollup-linux-ppc64-gnu': [ '4.59.0' ],
466 silly audit   '@rollup/rollup-linux-ppc64-musl': [ '4.59.0' ],
466 silly audit   '@rollup/rollup-linux-riscv64-gnu': [ '4.59.0' ],
466 silly audit   '@rollup/rollup-linux-riscv64-musl': [ '4.59.0' ],
466 silly audit   '@rollup/rollup-linux-s390x-gnu': [ '4.59.0' ],
466 silly audit   '@rollup/rollup-linux-x64-gnu': [ '4.59.0' ],
466 silly audit   '@rollup/rollup-linux-x64-musl': [ '4.59.0' ],
466 silly audit   '@rollup/rollup-openbsd-x64': [ '4.59.0' ],
466 silly audit   '@rollup/rollup-openharmony-arm64': [ '4.59.0' ],
466 silly audit   '@rollup/rollup-win32-arm64-msvc': [ '4.59.0' ],
466 silly audit   '@rollup/rollup-win32-ia32-msvc': [ '4.59.0' ],
466 silly audit   '@rollup/rollup-win32-x64-gnu': [ '4.59.0' ],
466 silly audit   '@rollup/rollup-win32-x64-msvc': [ '4.59.0' ],
466 silly audit   '@types/estree': [ '1.0.8' ],
466 silly audit   '@vue/compiler-dom': [ '3.5.29' ],
466 silly audit   '@vue/compiler-sfc': [ '3.5.29' ],
466 silly audit   '@vue/runtime-dom': [ '3.5.29' ],
466 silly audit   '@vue/server-renderer': [ '3.5.29' ],
466 silly audit   '@vue/shared': [ '3.5.29' ],
466 silly audit   '@vue/compiler-core': [ '3.5.29' ],
466 silly audit   '@babel/parser': [ '7.29.0' ],
466 silly audit   entities: [ '7.0.1' ],
466 silly audit   'estree-walker': [ '2.0.2' ],
466 silly audit   '@babel/types': [ '7.29.0' ],
466 silly audit   '@babel/helper-string-parser': [ '7.27.1' ],
466 silly audit   '@babel/helper-validator-identifier': [ '7.28.5' ],
466 silly audit   '@vue/compiler-ssr': [ '3.5.29' ],
466 silly audit   'magic-string': [ '0.30.21' ],
466 silly audit   '@vue/reactivity': [ '3.5.29' ],
466 silly audit   '@vue/runtime-core': [ '3.5.29' ],
466 silly audit   csstype: [ '3.2.3' ],
466 silly audit   '@jridgewell/sourcemap-codec': [ '1.5.5' ],
466 silly audit   '@vue/devtools-api': [ '6.6.4' ]
466 silly audit }
467 http cache @vue/devtools-api@https://registry.npmjs.org/@vue/devtools-api/-/devtools-api-6.6.4.tgz 0ms (cache hit)
468 http cache @jridgewell/sourcemap-codec@https://registry.npmjs.org/@jridgewell/sourcemap-codec/-/sourcemap-codec-1.5.5.tgz 0ms (cache hit)
469 http cache @vue/reactivity@https://registry.npmjs.org/@vue/reactivity/-/reactivity-3.5.29.tgz 0ms (cache hit)
470 http cache @babel/helper-validator-identifier@https://registry.npmjs.org/@babel/helper-validator-identifier/-/helper-validator-identifier-7.28.5.tgz 0ms (cache hit)
471 http cache @vue/runtime-core@https://registry.npmjs.org/@vue/runtime-core/-/runtime-core-3.5.29.tgz 0ms (cache hit)
472 http cache @vue/compiler-ssr@https://registry.npmjs.org/@vue/compiler-ssr/-/compiler-ssr-3.5.29.tgz 0ms (cache hit)
473 http cache csstype@https://registry.npmjs.org/csstype/-/csstype-3.2.3.tgz 0ms (cache hit)
474 http cache magic-string@https://registry.npmjs.org/magic-string/-/magic-string-0.30.21.tgz 0ms (cache hit)
475 http cache @babel/helper-string-parser@https://registry.npmjs.org/@babel/helper-string-parser/-/helper-string-parser-7.27.1.tgz 0ms (cache hit)
476 http cache @babel/parser@https://registry.npmjs.org/@babel/parser/-/parser-7.29.0.tgz 0ms (cache hit)
477 http cache @vue/compiler-core@https://registry.npmjs.org/@vue/compiler-core/-/compiler-core-3.5.29.tgz 0ms (cache hit)
478 http cache @babel/types@https://registry.npmjs.org/@babel/types/-/types-7.29.0.tgz 0ms (cache hit)
479 http cache entities@https://registry.npmjs.org/entities/-/entities-7.0.1.tgz 0ms (cache hit)
480 http cache @vue/shared@https://registry.npmjs.org/@vue/shared/-/shared-3.5.29.tgz 0ms (cache hit)
481 http cache @vue/server-renderer@https://registry.npmjs.org/@vue/server-renderer/-/server-renderer-3.5.29.tgz 0ms (cache hit)
482 http cache estree-walker@https://registry.npmjs.org/estree-walker/-/estree-walker-2.0.2.tgz 0ms (cache hit)
483 http cache @vue/compiler-sfc@https://registry.npmjs.org/@vue/compiler-sfc/-/compiler-sfc-3.5.29.tgz 0ms (cache hit)
484 http cache @vue/runtime-dom@https://registry.npmjs.org/@vue/runtime-dom/-/runtime-dom-3.5.29.tgz 0ms (cache hit)
485 http cache @types/estree@https://registry.npmjs.org/@types/estree/-/estree-1.0.8.tgz 0ms (cache hit)
486 http cache @vue/compiler-dom@https://registry.npmjs.org/@vue/compiler-dom/-/compiler-dom-3.5.29.tgz 0ms (cache hit)
487 http cache @rollup/rollup-win32-x64-msvc@https://registry.npmjs.org/@rollup/rollup-win32-x64-msvc/-/rollup-win32-x64-msvc-4.59.0.tgz 0ms (cache hit)
488 http cache @rollup/rollup-win32-x64-gnu@https://registry.npmjs.org/@rollup/rollup-win32-x64-gnu/-/rollup-win32-x64-gnu-4.59.0.tgz 0ms (cache hit)
489 http cache picocolors@https://registry.npmjs.org/picocolors/-/picocolors-1.1.1.tgz 0ms (cache hit)
490 http cache source-map-js@https://registry.npmjs.org/source-map-js/-/source-map-js-1.2.1.tgz 0ms (cache hit)
491 http cache @esbuild/win32-x64@https://registry.npmjs.org/@esbuild/win32-x64/-/win32-x64-0.21.5.tgz 0ms (cache hit)
492 http cache nanoid@https://registry.npmjs.org/nanoid/-/nanoid-3.3.11.tgz 0ms (cache hit)
493 http cache rollup@https://registry.npmjs.org/rollup/-/rollup-4.59.0.tgz 0ms (cache hit)
494 http cache postcss@https://registry.npmjs.org/postcss/-/postcss-8.5.8.tgz 0ms (cache hit)
495 http cache esbuild@https://registry.npmjs.org/esbuild/-/esbuild-0.21.5.tgz 0ms (cache hit)
496 http cache @vitejs/plugin-vue@https://registry.npmjs.org/@vitejs/plugin-vue/-/plugin-vue-5.2.4.tgz 0ms (cache hit)
497 http cache vue-router@https://registry.npmjs.org/vue-router/-/vue-router-4.6.4.tgz 0ms (cache hit)
498 silly tarball no local data for @vue/devtools-api@https://registry.npmjs.org/@vue/devtools-api/-/devtools-api-6.6.4.tgz. Extracting by manifest.
499 silly tarball no local data for @jridgewell/sourcemap-codec@https://registry.npmjs.org/@jridgewell/sourcemap-codec/-/sourcemap-codec-1.5.5.tgz. Extracting by manifest.
500 silly tarball no local data for @vue/reactivity@https://registry.npmjs.org/@vue/reactivity/-/reactivity-3.5.29.tgz. Extracting by manifest.
501 silly tarball no local data for @babel/helper-validator-identifier@https://registry.npmjs.org/@babel/helper-validator-identifier/-/helper-validator-identifier-7.28.5.tgz. Extracting by manifest.
502 silly tarball no local data for @vue/runtime-core@https://registry.npmjs.org/@vue/runtime-core/-/runtime-core-3.5.29.tgz. Extracting by manifest.
503 silly tarball no local data for @vue/compiler-ssr@https://registry.npmjs.org/@vue/compiler-ssr/-/compiler-ssr-3.5.29.tgz. Extracting by manifest.
504 http cache vite@https://registry.npmjs.org/vite/-/vite-5.4.21.tgz 0ms (cache hit)
505 silly tarball no local data for csstype@https://registry.npmjs.org/csstype/-/csstype-3.2.3.tgz. Extracting by manifest.
506 silly tarball no local data for magic-string@https://registry.npmjs.org/magic-string/-/magic-string-0.30.21.tgz. Extracting by manifest.
507 http cache vue@https://registry.npmjs.org/vue/-/vue-3.5.29.tgz 0ms (cache hit)
508 silly tarball no local data for @babel/helper-string-parser@https://registry.npmjs.org/@babel/helper-string-parser/-/helper-string-parser-7.27.1.tgz. Extracting by manifest.
509 silly tarball no local data for @babel/parser@https://registry.npmjs.org/@babel/parser/-/parser-7.29.0.tgz. Extracting by manifest.
510 silly tarball no local data for @vue/compiler-core@https://registry.npmjs.org/@vue/compiler-core/-/compiler-core-3.5.29.tgz. Extracting by manifest.
511 silly tarball no local data for @babel/types@https://registry.npmjs.org/@babel/types/-/types-7.29.0.tgz. Extracting by manifest.
512 silly tarball no local data for entities@https://registry.npmjs.org/entities/-/entities-7.0.1.tgz. Extracting by manifest.
513 silly tarball no local data for @vue/shared@https://registry.npmjs.org/@vue/shared/-/shared-3.5.29.tgz. Extracting by manifest.
514 silly tarball no local data for @vue/server-renderer@https://registry.npmjs.org/@vue/server-renderer/-/server-renderer-3.5.29.tgz. Extracting by manifest.
515 silly tarball no local data for estree-walker@https://registry.npmjs.org/estree-walker/-/estree-walker-2.0.2.tgz. Extracting by manifest.
516 silly tarball no local data for @vue/compiler-sfc@https://registry.npmjs.org/@vue/compiler-sfc/-/compiler-sfc-3.5.29.tgz. Extracting by manifest.
517 silly tarball no local data for @vue/runtime-dom@https://registry.npmjs.org/@vue/runtime-dom/-/runtime-dom-3.5.29.tgz. Extracting by manifest.
518 silly tarball no local data for @types/estree@https://registry.npmjs.org/@types/estree/-/estree-1.0.8.tgz. Extracting by manifest.
519 silly tarball no local data for @vue/compiler-dom@https://registry.npmjs.org/@vue/compiler-dom/-/compiler-dom-3.5.29.tgz. Extracting by manifest.
520 silly tarball no local data for @rollup/rollup-win32-x64-msvc@https://registry.npmjs.org/@rollup/rollup-win32-x64-msvc/-/rollup-win32-x64-msvc-4.59.0.tgz. Extracting by manifest.
521 silly tarball no local data for @rollup/rollup-win32-x64-gnu@https://registry.npmjs.org/@rollup/rollup-win32-x64-gnu/-/rollup-win32-x64-gnu-4.59.0.tgz. Extracting by manifest.
522 silly tarball no local data for picocolors@https://registry.npmjs.org/picocolors/-/picocolors-1.1.1.tgz. Extracting by manifest.
523 silly tarball no local data for source-map-js@https://registry.npmjs.org/source-map-js/-/source-map-js-1.2.1.tgz. Extracting by manifest.
524 silly tarball no local data for @esbuild/win32-x64@https://registry.npmjs.org/@esbuild/win32-x64/-/win32-x64-0.21.5.tgz. Extracting by manifest.
525 silly tarball no local data for nanoid@https://registry.npmjs.org/nanoid/-/nanoid-3.3.11.tgz. Extracting by manifest.
526 silly tarball no local data for rollup@https://registry.npmjs.org/rollup/-/rollup-4.59.0.tgz. Extracting by manifest.
527 silly tarball no local data for postcss@https://registry.npmjs.org/postcss/-/postcss-8.5.8.tgz. Extracting by manifest.
528 silly tarball no local data for esbuild@https://registry.npmjs.org/esbuild/-/esbuild-0.21.5.tgz. Extracting by manifest.
529 silly tarball no local data for @vitejs/plugin-vue@https://registry.npmjs.org/@vitejs/plugin-vue/-/plugin-vue-5.2.4.tgz. Extracting by manifest.
530 silly tarball no local data for vue-router@https://registry.npmjs.org/vue-router/-/vue-router-4.6.4.tgz. Extracting by manifest.
531 silly tarball no local data for vite@https://registry.npmjs.org/vite/-/vite-5.4.21.tgz. Extracting by manifest.
532 silly tarball no local data for vue@https://registry.npmjs.org/vue/-/vue-3.5.29.tgz. Extracting by manifest.
533 http fetch GET 200 https://registry.npmjs.org/@jridgewell/sourcemap-codec/-/sourcemap-codec-1.5.5.tgz 317ms (cache miss)
534 http fetch GET 200 https://registry.npmjs.org/magic-string/-/magic-string-0.30.21.tgz 362ms (cache miss)
535 http fetch GET 200 https://registry.npmjs.org/@vue/compiler-ssr/-/compiler-ssr-3.5.29.tgz 407ms (cache miss)
536 http fetch GET 200 https://registry.npmjs.org/@babel/helper-validator-identifier/-/helper-validator-identifier-7.28.5.tgz 605ms (cache miss)
537 http fetch GET 200 https://registry.npmjs.org/@babel/helper-string-parser/-/helper-string-parser-7.27.1.tgz 660ms (cache miss)
538 http fetch POST 200 https://registry.npmjs.org/-/npm/v1/security/advisories/bulk 764ms
539 silly audit report {
539 silly audit report   esbuild: [
539 silly audit report     {
539 silly audit report       id: 1102341,
539 silly audit report       url: 'https://github.com/advisories/GHSA-67mh-4wv8-2f99',
539 silly audit report       title: 'esbuild enables any website to send any requests to the development server and read the response',
539 silly audit report       severity: 'moderate',
539 silly audit report       vulnerable_versions: '<=0.24.2',
539 silly audit report       cwe: [Array],
539 silly audit report       cvss: [Object]
539 silly audit report     }
539 silly audit report   ]
539 silly audit report }
540 silly packumentCache corgi:https://registry.npmjs.org/esbuild cache-miss
541 http fetch GET 200 https://registry.npmjs.org/@vue/devtools-api/-/devtools-api-6.6.4.tgz 906ms (cache miss)
542 http fetch GET 200 https://registry.npmjs.org/estree-walker/-/estree-walker-2.0.2.tgz 1077ms (cache miss)
543 http fetch GET 200 https://registry.npmjs.org/@types/estree/-/estree-1.0.8.tgz 1492ms (cache miss)
544 http fetch GET 200 https://registry.npmjs.org/@vue/server-renderer/-/server-renderer-3.5.29.tgz 2751ms (cache miss)
545 http fetch GET 200 https://registry.npmjs.org/csstype/-/csstype-3.2.3.tgz 2893ms (cache miss)
546 http fetch GET 200 https://registry.npmjs.org/source-map-js/-/source-map-js-1.2.1.tgz 4417ms (cache miss)
547 http fetch GET 200 https://registry.npmjs.org/@vue/runtime-core/-/runtime-core-3.5.29.tgz 4435ms (cache miss)
548 http fetch GET 200 https://registry.npmjs.org/@vue/compiler-dom/-/compiler-dom-3.5.29.tgz 4651ms (cache miss)
549 http fetch GET 200 https://registry.npmjs.org/@vue/reactivity/-/reactivity-3.5.29.tgz 4708ms (cache miss)
550 http fetch GET 200 https://registry.npmjs.org/picocolors/-/picocolors-1.1.1.tgz 4797ms (cache miss)
551 http fetch GET 200 https://registry.npmjs.org/nanoid/-/nanoid-3.3.11.tgz 5013ms (cache miss)
552 http fetch GET 200 https://registry.npmjs.org/@vue/compiler-core/-/compiler-core-3.5.29.tgz 5180ms (cache miss)
553 http fetch GET 200 https://registry.npmjs.org/@vue/shared/-/shared-3.5.29.tgz 6371ms (cache miss)
554 http fetch GET 200 https://registry.npmjs.org/esbuild/-/esbuild-0.21.5.tgz 7340ms (cache miss)
555 http fetch GET 200 https://registry.npmjs.org/entities/-/entities-7.0.1.tgz 8438ms (cache miss)
556 http fetch GET 200 https://registry.npmjs.org/@babel/parser/-/parser-7.29.0.tgz 8750ms (cache miss)
557 http fetch GET 200 https://registry.npmjs.org/@vue/runtime-dom/-/runtime-dom-3.5.29.tgz 8753ms (cache miss)
558 http fetch GET 200 https://registry.npmjs.org/postcss/-/postcss-8.5.8.tgz 8751ms (cache miss)
559 http fetch GET 200 https://registry.npmjs.org/@vitejs/plugin-vue/-/plugin-vue-5.2.4.tgz 9026ms (cache miss)
560 http fetch GET 200 https://registry.npmjs.org/vue-router/-/vue-router-4.6.4.tgz 9114ms (cache miss)
561 http fetch GET 200 https://registry.npmjs.org/@rollup/rollup-win32-x64-gnu/-/rollup-win32-x64-gnu-4.59.0.tgz 10348ms (cache miss)
562 http fetch GET 200 https://registry.npmjs.org/rollup/-/rollup-4.59.0.tgz 10778ms (cache miss)
563 http fetch GET 200 https://registry.npmjs.org/@babel/types/-/types-7.29.0.tgz 10796ms (cache miss)
564 http fetch GET 200 https://registry.npmjs.org/esbuild 10463ms (cache miss)
565 silly packumentCache corgi:https://registry.npmjs.org/esbuild set size:undefined disposed:false
566 silly packumentCache corgi:https://registry.npmjs.org/vite cache-miss
567 http fetch GET 200 https://registry.npmjs.org/@vue/compiler-sfc/-/compiler-sfc-3.5.29.tgz 11228ms (cache miss)
568 http fetch GET 200 https://registry.npmjs.org/vue/-/vue-3.5.29.tgz 11372ms (cache miss)
569 http fetch GET 200 https://registry.npmjs.org/vite/-/vite-5.4.21.tgz 13516ms (cache miss)
570 http fetch GET 200 https://registry.npmjs.org/vite 4098ms (cache miss)
571 silly packumentCache corgi:https://registry.npmjs.org/vite set size:undefined disposed:false
572 silly packumentCache corgi:https://registry.npmjs.org/@vitejs%2fplugin-vue cache-miss
573 http fetch GET 200 https://registry.npmjs.org/@vitejs%2fplugin-vue 1084ms (cache miss)
574 silly packumentCache corgi:https://registry.npmjs.org/@vitejs%2fplugin-vue set size:undefined disposed:false
575 http fetch GET 200 https://registry.npmjs.org/@esbuild/win32-x64/-/win32-x64-0.21.5.tgz 17002ms (cache miss)
576 http fetch GET 200 https://registry.npmjs.org/@rollup/rollup-win32-x64-msvc/-/rollup-win32-x64-msvc-4.59.0.tgz 17837ms (cache miss)
577 info run esbuild@0.21.5 postinstall node_modules/esbuild node install.js
578 info run esbuild@0.21.5 postinstall { code: 'EPERM', signal: undefined }
579 warn cleanup Failed to remove some directories [
579 warn cleanup   [
579 warn cleanup     '\\\\?\\F:\\Portfolio\\node_modules\\@vue',
579 warn cleanup     [Error: EPERM: operation not permitted, rmdir 'F:\Portfolio\node_modules\@vue\devtools-api'] {
579 warn cleanup       errno: -4048,
579 warn cleanup       code: 'EPERM',
579 warn cleanup       syscall: 'rmdir',
579 warn cleanup       path: 'F:\\Portfolio\\node_modules\\@vue\\devtools-api'
579 warn cleanup     }
579 warn cleanup   ]
579 warn cleanup ]
580 verbose stack Error: spawn EPERM
580 verbose stack     at ChildProcess.spawn (node:internal/child_process:421:11)
580 verbose stack     at spawn (node:child_process:796:9)
580 verbose stack     at promiseSpawn (C:\Program Files\nodejs\node_modules\npm\node_modules\@npmcli\promise-spawn\lib\index.js:39:16)
580 verbose stack     at spawnWithShell (C:\Program Files\nodejs\node_modules\npm\node_modules\@npmcli\promise-spawn\lib\index.js:124:10)
580 verbose stack     at promiseSpawn (C:\Program Files\nodejs\node_modules\npm\node_modules\@npmcli\promise-spawn\lib\index.js:12:12)
580 verbose stack     at runScriptPkg (C:\Program Files\nodejs\node_modules\npm\node_modules\@npmcli\run-script\lib\run-script-pkg.js:79:13)
580 verbose stack     at runScript (C:\Program Files\nodejs\node_modules\npm\node_modules\@npmcli\run-script\lib\run-script.js:9:12)
580 verbose stack     at C:\Program Files\nodejs\node_modules\npm\node_modules\@npmcli\arborist\lib\arborist\rebuild.js:332:17
580 verbose stack     at run (C:\Program Files\nodejs\node_modules\npm\node_modules\promise-call-limit\dist\commonjs\index.js:67:22)
580 verbose stack     at C:\Program Files\nodejs\node_modules\npm\node_modules\promise-call-limit\dist\commonjs\index.js:84:9
581 error code EPERM
582 error syscall spawn
583 error errno -4048
584 error Error: spawn EPERM
584 error     at ChildProcess.spawn (node:internal/child_process:421:11)
584 error     at spawn (node:child_process:796:9)
584 error     at promiseSpawn (C:\Program Files\nodejs\node_modules\npm\node_modules\@npmcli\promise-spawn\lib\index.js:39:16)
584 error     at spawnWithShell (C:\Program Files\nodejs\node_modules\npm\node_modules\@npmcli\promise-spawn\lib\index.js:124:10)
584 error     at promiseSpawn (C:\Program Files\nodejs\node_modules\npm\node_modules\@npmcli\promise-spawn\lib\index.js:12:12)
584 error     at runScriptPkg (C:\Program Files\nodejs\node_modules\npm\node_modules\@npmcli\run-script\lib\run-script-pkg.js:79:13)
584 error     at runScript (C:\Program Files\nodejs\node_modules\npm\node_modules\@npmcli\run-script\lib\run-script.js:9:12)
584 error     at C:\Program Files\nodejs\node_modules\npm\node_modules\@npmcli\arborist\lib\arborist\rebuild.js:332:17
584 error     at run (C:\Program Files\nodejs\node_modules\npm\node_modules\promise-call-limit\dist\commonjs\index.js:67:22)
584 error     at C:\Program Files\nodejs\node_modules\npm\node_modules\promise-call-limit\dist\commonjs\index.js:84:9 {
584 error   errno: -4048,
584 error   code: 'EPERM',
584 error   syscall: 'spawn'
584 error }
585 error
585 error The operation was rejected by your operating system.
585 error It's possible that the file was already in use (by a text editor or antivirus),
585 error or that you lack permissions to access it.
585 error
585 error If you believe this might be a permissions issue, please double-check the
585 error permissions of the file and its containing directories, or try running
585 error the command again as root/Administrator.
586 silly unfinished npm timer reify 1772834447776
587 silly unfinished npm timer reify:build 1772834513021
588 silly unfinished npm timer build 1772834513021
589 silly unfinished npm timer build:deps 1772834513021
590 silly unfinished npm timer build:run:postinstall 1772834513045
591 silly unfinished npm timer build:run:postinstall:node_modules/esbuild 1772834513045
592 verbose cwd F:\Portfolio
593 verbose os Windows_NT 10.0.26200
594 verbose node v24.13.0
595 verbose npm  v11.6.2
596 verbose exit -4048
597 verbose code -4048
598 error A complete log of this run can be found in: F:\Portfolio\.npm-cache\_logs\2026-03-06T22_00_47_134Z-debug-0.log
